C51 COMPILER V9.54   MAIN                                                                  03/16/2022 16:52:14 PAGE 1   


C51 COMPILER V9.54, COMPILATION OF MODULE MAIN
OBJECT MODULE PLACED IN .\Objects\main.obj
COMPILER INVOKED BY: D:\Keil5\installed file\C51\BIN\C51.EXE main.c OPTIMIZE(8,SPEED) BROWSE DEBUG OBJECTEXTEND PRINT(.\
                    -Listings\main.lst) OBJECT(.\Objects\main.obj)

line level    source

   1          /*
   2           * @brief : ds18b20读取温度显示在数码管上
   3           *
   4           * @date  : 2022/3/13
   5           *
   6           */
   7          
   8          #include <STC15F2K60S2.H>
   9          #include "onewire.h"
  10          #include <absacc.h>
  11          
  12          u8 templ, temph;
  13          u16 temp;
  14          
  15          u8 code smgnodot_tab[] = {               //标准字库
  16          //   0    1    2    3    4    5    6    7    8    9    A    B    C    D    E    F
  17              0x3F,0x06,0x5B,0x4F,0x66,0x6D,0x7D,0x07,0x7F,0x6F,0x77,0x7C,0x39,0x5E,0x79,0x71,
  18          //black  -     H    J    K    L    N    o   P    U     t    G    Q    r   M    y
  19              0x00,0x40,0x76,0x1E,0x70,0x38,0x37,0x5C,0x73,0x3E,0x78,0x3d,0x67,0x50,0x37,0x6e};
  20          
  21                  //0. 1. 2. 3. 4. 5. 6. 7. 8. 9. -1
  22          u8 code smgdot_tab[] = {
  23              0xBF,0x86,0xDB,0xCF,0xE6,0xED,0xFD,0x87,0xFF,0xEF,0x46};
  24          
  25                  
  26          void smg_showtemp(void);
  27          
  28                  
  29          void delay(void)
  30          {
  31   1              u16 t = 1000;
  32   1              while(t--)
  33   1              {
  34   2                      smg_showtemp();
  35   2              }
  36   1      }
  37                  
  38          void get_temp(void)
  39          {
  40   1              init_ds18b20();
  41   1              Write_DS18B20(0xcc);   //因为总线上只有一个ds18b20,所以不需要寻址，跳过ROM指令
  42   1              Write_DS18B20(0x44);   //开始温度转换
  43   1              delay();
  44   1              init_ds18b20();
  45   1              Write_DS18B20(0xcc);
  46   1              Write_DS18B20(0xbe);   //开始读
  47   1              
  48   1              templ = Read_DS18B20();
  49   1              temph = Read_DS18B20();
  50   1              init_ds18b20();
  51   1              
  52   1              temp = temph;
  53   1              temp = ((temp << 8) | templ);
  54   1              if((temp & 0xf800) == 0x0000)    //表示温度为正
C51 COMPILER V9.54   MAIN                                                                  03/16/2022 16:52:14 PAGE 2   

  55   1              {
  56   2                      /* temp右移4把整数部分取出，再放大十倍便于计算，
  57   2                       * 然后加上小数部分
  58   2                       */
  59   2                      temp = (temp >> 4) * 10 + (templ & 0x0f) * 10 * 0.0625;
  60   2              }
  61   1      }
  62                  
  63          void smg_delay(void)
  64          {
  65   1              u8 i = 500;
  66   1              while(i--);
  67   1      }
  68                  
  69          void showsmg_bit(u8 pos, u8 dat)
  70          {
  71   1              XBYTE[0xe000] = 0xff;   //消影
  72   1              XBYTE[0xc000] = (1 << pos);
  73   1              XBYTE[0xe000] = dat;
  74   1              smg_delay();
  75   1      }
  76          
  77          void smg_showtemp(void)
  78          {
  79   1              showsmg_bit(5, ~smgnodot_tab[temp/100]);
  80   1              showsmg_bit(6, ~smgdot_tab[temp/10%10]);
  81   1              showsmg_bit(7, ~smgnodot_tab[temp%10]);
  82   1      }
  83          
  84          void main(void)
  85          {
  86   1              XBYTE[0x8000] = 0xff;  //关灯
  87   1              while(1)
  88   1              {
  89   2                      get_temp();
  90   2                      smg_showtemp();
  91   2              }
  92   1      }


MODULE INFORMATION:   STATIC OVERLAYABLE
   CODE SIZE        =    326    ----
   CONSTANT SIZE    =     43    ----
   XDATA SIZE       =   ----    ----
   PDATA SIZE       =   ----    ----
   DATA SIZE        =      4       2
   IDATA SIZE       =   ----    ----
   BIT SIZE         =   ----    ----
END OF MODULE INFORMATION.


C51 COMPILATION COMPLETE.  0 WARNING(S),  0 ERROR(S)
