C51 COMPILER V9.54   MAIN                                                                  04/02/2022 21:26:36 PAGE 1   


C51 COMPILER V9.54, COMPILATION OF MODULE MAIN
OBJECT MODULE PLACED IN .\Objects\main.obj
COMPILER INVOKED BY: D:\Keil5\installed file\C51\BIN\C51.EXE main.c OPTIMIZE(8,SPEED) BROWSE DEBUG OBJECTEXTEND PRINT(.\
                    -Listings\main.lst) OBJECT(.\Objects\main.obj)

line level    source

   1          /*
   2           * @brief : 第二遍第十一届省赛
   3           *
   4           * @date  : 2022/4/2
   5           *
   6           */
   7          
   8          //#include "reg52.h"
   9          #include <STC15F2K60S2.H>
  10          #include "iic.h"
  11          #include "onewire.h"
  12          
  13          u8 init_flag = 0;
  14          u8 temph, templ;
  15          u16 temp;
  16          u8 t_min = 20, t_max = 30;
  17          u8 t_max_pre, t_min_pre;
  18          u8 s4_flag = 0, s5_flag = 0, s6_flag = 0, s7_flag = 0;
  19          
  20          u8 code t_display[]={                       //标准字库
  21          //   0    1    2    3    4    5    6    7    8    9    A    B    C    D    E    F
  22              0x3F,0x06,0x5B,0x4F,0x66,0x6D,0x7D,0x07,0x7F,0x6F,0x77,0x7C,0x39,0x5E,0x79,0x71,
  23          //black  -     H    J    K    L    N    o   P    U     t    G    Q    r   M    y
  24              0x00,0x40,0x76,0x1E,0x70,0x38,0x37,0x5C,0x73,0x3E,0x78,0x3d,0x67,0x50,0x37,0x6e,
  25              0xBF,0x86,0xDB,0xCF,0xE6,0xED,0xFD,0x87,0xFF,0xEF,0x46};    //0. 1. 2. 3. 4. 5. 6. 7. 8. 9. -1
  26          
  27          void smgshow();
  28                  
  29          void hc138_select(u8 n)
  30          {
  31   1              switch(n)
  32   1              {
  33   2                      case 4:
  34   2                              P2 = P2 & 0x1f | 0x80;  break;
  35   2                      case 5:
  36   2                              P2 = P2 & 0x1f | 0xa0;  break;
  37   2                      case 6:
  38   2                              P2 = P2 & 0x1f | 0xc0;  break;
  39   2                      case 7:
  40   2                              P2 = P2 & 0x1f | 0xe0;  break;
  41   2              }
  42   1      }
  43          
  44          void smg_delay(u16 i)
  45          {
  46   1              while(i--);
  47   1      }
  48          
  49          void smgshow_bit(u8 pos, u8 dat)
  50          {
  51   1              hc138_select(6);
  52   1              P0 = 1 << pos;
  53   1              hc138_select(7);
  54   1              P0 = dat;
C51 COMPILER V9.54   MAIN                                                                  04/02/2022 21:26:36 PAGE 2   

  55   1              smg_delay(100);
  56   1              P0 = 0xff;
  57   1      }
  58          
  59          void delay(u16 t)
  60          {
  61   1              while(t--)
  62   1              {
  63   2                      if(init_flag)
  64   2                              smgshow();
  65   2              }
  66   1      }
  67          
  68          void get_temp()
  69          {
  70   1              init_ds18b20();
  71   1              Write_DS18B20(0xcc);
  72   1              Write_DS18B20(0x44);
  73   1              delay(10);
  74   1              init_ds18b20();
  75   1              Write_DS18B20(0xcc);
  76   1              Write_DS18B20(0xbe);
  77   1              
  78   1              templ = Read_DS18B20();
  79   1              temph = Read_DS18B20();
  80   1              temp = temph;
  81   1              temp = (temp << 8) | templ;
  82   1              if((temp & 0xf800) == 0x0000)
  83   1              {
  84   2                      temp = temp >> 4;
  85   2              }
  86   1      }
  87          
  88          void smgshow_temp()
  89          {
  90   1              smgshow_bit(0, ~t_display[12]);
  91   1              smgshow_bit(6, ~t_display[temp / 10]);
  92   1              smgshow_bit(7, ~t_display[temp % 10]);
  93   1      }
  94          
  95          void smgshow_para()
  96          {
  97   1              smgshow_bit(0, ~t_display[24]);
  98   1              smgshow_bit(3, ~t_display[t_max / 10]);
  99   1              smgshow_bit(4, ~t_display[t_max % 10]);
 100   1              smgshow_bit(6, ~t_display[t_min / 10]);
 101   1              smgshow_bit(7, ~t_display[t_min % 10]);
 102   1      }
 103          
 104          void sys_init()
 105          {
 106   1              hc138_select(4);
 107   1              P0 = 0xff;
 108   1              hc138_select(5);
 109   1              P0 = 0x00;
 110   1      }
 111          
 112          void pcf8591_dac(u8 dat)
 113          {
 114   1              IIC_Start();
 115   1              IIC_SendByte(0x90);
 116   1              IIC_WaitAck();
C51 COMPILER V9.54   MAIN                                                                  04/02/2022 21:26:36 PAGE 3   

 117   1              IIC_SendByte(0x40);
 118   1              IIC_WaitAck();
 119   1              IIC_SendByte(dat);
 120   1              IIC_WaitAck();
 121   1              IIC_Stop();
 122   1      }
 123          
 124          void Delay10ms()                //@11.0592MHz
 125          {
 126   1              unsigned char i, j;
 127   1      
 128   1              i = 108;
 129   1              j = 145;
 130   1              do
 131   1              {
 132   2                      while (--j);
 133   2              } while (--i);
 134   1      }
 135          
 136          
 137          void key_scan()
 138          {
 139   1              if(P33 == 0)
 140   1              {
 141   2                      Delay10ms();
 142   2                      if(P33 == 0)
 143   2                      {
 144   3                              while(P33 == 0)
 145   3                              {
 146   4                                      smgshow();
 147   4                              }
 148   3                              s4_flag = !s4_flag;
 149   3                              if(s4_flag)
 150   3                              {
 151   4                                      s5_flag = 0;
 152   4                                      t_min_pre = t_min;   //进入参数界面保存参数
 153   4                                      t_max_pre = t_max;
 154   4                              }
 155   3                              else                     //进入数据界面检查参数合理性
 156   3                              {
 157   4                                      if(t_min > t_max)
 158   4                                      {
 159   5                                              t_min = t_min_pre;
 160   5                                              t_max = t_max_pre;
 161   5                                      }
 162   4                              }
 163   3                      }
 164   2              }
 165   1              if((P32 == 0) && (s4_flag == 1))
 166   1              {
 167   2                      Delay10ms();
 168   2                      if(P32 == 0)
 169   2                      {
 170   3                              while(P32 == 0)
 171   3                              {
 172   4                                      smgshow();
 173   4                              }
 174   3                              s5_flag = !s5_flag;
 175   3                      }
 176   2              }
 177   1              if((P31 == 0) && (s4_flag == 1))
 178   1              {
C51 COMPILER V9.54   MAIN                                                                  04/02/2022 21:26:36 PAGE 4   

 179   2                      Delay10ms();
 180   2                      if(P31 == 0)
 181   2                      {
 182   3                              while(P31 == 0)
 183   3                              {
 184   4                                      smgshow();
 185   4                              }
 186   3                              if((s5_flag == 0) && (t_min < 99))
 187   3                              {
 188   4                                      t_min++;
 189   4                              }
 190   3                              else if((s5_flag == 1) && (t_max < 99))
 191   3                              {
 192   4                                      t_max++;
 193   4                              }
 194   3                      }
 195   2              }
 196   1              if((P30 == 0) && (s4_flag == 1))
 197   1              {
 198   2                      Delay10ms();
 199   2                      if(P30 == 0)
 200   2                      {
 201   3                              while(P30 == 0)
 202   3                              {
 203   4                                      smgshow();
 204   4                              }
 205   3                              if((s5_flag == 0) && (t_min > 0))
 206   3                              {
 207   4                                      t_min--;
 208   4                              }
 209   3                              else if((s5_flag == 1) && (t_max > 0))
 210   3                              {
 211   4                                      t_max--;
 212   4                              }
 213   3                      }
 214   2              }
 215   1      }
 216          
 217          void smgshow()
 218          {
 219   1              if(s4_flag == 0)
 220   1              {
 221   2                      smgshow_temp();
 222   2              }
 223   1              else
 224   1                      smgshow_para();
 225   1      }
 226          
 227          void detect_temp()      //监测温度，以下四种情况只执行一种
 228          {
 229   1              if(t_max < t_min)   //这一句放在最前面，优先级最高
 230   1              {
 231   2                      hc138_select(4);
 232   2                      P00 = 1;
 233   2                      P01 = 1;
 234   2                      P02 = 1;
 235   2                      P03 = 0;
 236   2              }
 237   1              else if(temp > t_max)
 238   1              {
 239   2                      pcf8591_dac(4 * 255 / 5);
 240   2                      hc138_select(4);
C51 COMPILER V9.54   MAIN                                                                  04/02/2022 21:26:36 PAGE 5   

 241   2                      P00 = 0;
 242   2                      P01 = 1;
 243   2                      P02 = 1;
 244   2                      P03 = 1;
 245   2              }
 246   1              else if((temp <= t_max) && (temp >= t_min))
 247   1              {
 248   2                      pcf8591_dac(3 * 255 / 5);
 249   2                      hc138_select(4);
 250   2                      P00 = 1;
 251   2                      P01 = 0;
 252   2                      P02 = 1;
 253   2                      P03 = 1;
 254   2              }
 255   1              else if(temp < t_min)
 256   1              {
 257   2                      pcf8591_dac(2 * 255 / 5);
 258   2                      hc138_select(4);
 259   2                      P00 = 1;
 260   2                      P01 = 1;
 261   2                      P02 = 0;
 262   2                      P03 = 1;
 263   2              }
 264   1      }
 265          
 266          void main()
 267          {
 268   1              u8 i;
 269   1              
 270   1              sys_init();
 271   1              for(i = 0; i < 100; i++)
 272   1              {
 273   2                      get_temp();
 274   2              }
 275   1              init_flag = 1;
 276   1              while(1)
 277   1              {
 278   2                      key_scan();
 279   2                      get_temp();
 280   2                      smgshow();
 281   2                      detect_temp();
 282   2              }
 283   1      }


MODULE INFORMATION:   STATIC OVERLAYABLE
   CODE SIZE        =    769    ----
   CONSTANT SIZE    =     43    ----
   XDATA SIZE       =   ----    ----
   PDATA SIZE       =   ----    ----
   DATA SIZE        =     13       4
   IDATA SIZE       =   ----    ----
   BIT SIZE         =   ----    ----
END OF MODULE INFORMATION.


C51 COMPILATION COMPLETE.  0 WARNING(S),  0 ERROR(S)
