C51 COMPILER V9.54   MAIN                                                                  03/11/2022 16:11:55 PAGE 1   


C51 COMPILER V9.54, COMPILATION OF MODULE MAIN
OBJECT MODULE PLACED IN .\Objects\main.obj
COMPILER INVOKED BY: D:\Keil5\installed file\C51\BIN\C51.EXE main.c OPTIMIZE(8,SPEED) BROWSE DEBUG OBJECTEXTEND PRINT(.\
                    -Listings\main.lst) OBJECT(.\Objects\main.obj)

line level    source

   1          /*
   2           * @brief : 综合项目，定时器定时50ms,每50ms数码管最后两位加一，加到20即1s, 
   3           *                      数码管秒位加一，分位以此类推
   4           *                      按下S7暂停，S6清零。
   5           * @date  : 2022/3/11
   6           *
   7           */
   8           
   9          #include <reg52.h>
  10          
  11          u8 min, sec, ms_50 = 0;
  12          
  13          u8 code seg7_tab[]={0xc0,0xf9,0xa4,0xb0,0x99,0x92,
  14                              0x82,0xf8,0x80,0x90,0x88,0x80,
  15                              0xc6,0xc0,0x86,0x8e,0xbf,0x7f};            //共阳极最后两位是 - .
  16          
  17          void hc138_select(u8 n)
  18          {
  19   1              switch(n)
  20   1              {
  21   2                      case 4:
  22   2                              P2 = ((P2 & 0x1f) | 0x80);  break;
  23   2                      case 5:
  24   2                              P2 = ((P2 & 0x1f) | 0xa0);  break;
  25   2                      case 6:
  26   2                              P2 = ((P2 & 0x1f) | 0xc0);  break;
  27   2                      case 7:
  28   2                              P2 = ((P2 & 0x1f) | 0xe0);  break;
  29   2              }
  30   1      }
  31          
  32          void tim0_init(void)
  33          {
  34   1              TMOD = ((TMOD & 0xf0) | 0x01);
  35   1              TH0 = ((65535 - 50000) / 256);
  36   1              TL0 = ((65535 - 50000) % 256);
  37   1              
  38   1              TR0 = 0;
  39   1              ET0 = 1;
  40   1              EA = 1;
  41   1      }
  42          
  43          void tim0() interrupt 1
  44          {
  45   1              TH0 = ((65535 - 50000) / 256);
  46   1              TL0 = ((65535 - 50000) % 256);
  47   1              
  48   1              ms_50++;
  49   1              if(ms_50 == 20)
  50   1              {
  51   2                      ms_50 = 0;
  52   2                      sec++;
  53   2                      if(sec == 60)
  54   2                      {
C51 COMPILER V9.54   MAIN                                                                  03/11/2022 16:11:55 PAGE 2   

  55   3                              sec = 0;
  56   3                              min++;
  57   3                      }
  58   2              }
  59   1      }
  60          
  61          void smg_delay(void)
  62          {
  63   1              u8 t = 100;
  64   1              while(t--);
  65   1      }
  66          
  67          void showsmg_bit(u8 pos, u8 dat)
  68          {
  69   1              hc138_select(6);       //位选
  70   1              P0 = 1 << pos;
  71   1              hc138_select(7);       //段选
  72   1              P0 = seg7_tab[dat];
  73   1              
  74   1              smg_delay();
  75   1              P0 = 0xff;    //消影
  76   1      //      smg_delay();
  77   1      }
  78          
  79          void showsmg(void)
  80          {
  81   1              showsmg_bit(7, ms_50%10);
  82   1              showsmg_bit(6, ms_50/10);
  83   1              
  84   1              showsmg_bit(5, 16);     //显示分隔符‘-’
  85   1              
  86   1              showsmg_bit(4, sec%10);
  87   1              showsmg_bit(3, sec/10);
  88   1              
  89   1              showsmg_bit(2, 16);     //显示分隔符‘-’
  90   1              
  91   1              showsmg_bit(1, min%10);
  92   1              showsmg_bit(0, min/10);
  93   1      }
  94          
  95          void Delay10ms()                //@11.0592MHz
  96          {
  97   1              unsigned char i, j;
  98   1      
  99   1              i = 108;
 100   1              j = 145;
 101   1              do
 102   1              {
 103   2                      while (--j);
 104   2              } while (--i);
 105   1      }
 106          
 107          
 108          void key_scan(void)
 109          {
 110   1              if(P30 == 0)          //S7
 111   1              {
 112   2                      Delay10ms();
 113   2                      if(P30 == 0)
 114   2                      {
 115   3                              while(P30 == 0)
 116   3                                      showsmg();
C51 COMPILER V9.54   MAIN                                                                  03/11/2022 16:11:55 PAGE 3   

 117   3                              TR0 = ~TR0;
 118   3                      }
 119   2              }
 120   1              if(P31 == 0)          //S6
 121   1              {
 122   2                      Delay10ms();
 123   2                      if(P31 == 0)
 124   2                      {
 125   3                              while(P31 == 0)
 126   3                                      showsmg();
 127   3                              min = 0;
 128   3                              sec = 0;
 129   3                              ms_50 = 0;
 130   3                      }
 131   2              }
 132   1      }
 133          
 134          void main()
 135          {
 136   1              tim0_init();
 137   1              while(1)
 138   1              {
 139   2                      showsmg();
 140   2                      key_scan();
 141   2              }
 142   1      }


MODULE INFORMATION:   STATIC OVERLAYABLE
   CODE SIZE        =    306    ----
   CONSTANT SIZE    =     18    ----
   XDATA SIZE       =   ----    ----
   PDATA SIZE       =   ----    ----
   DATA SIZE        =      3    ----
   IDATA SIZE       =   ----    ----
   BIT SIZE         =   ----    ----
END OF MODULE INFORMATION.


C51 COMPILATION COMPLETE.  0 WARNING(S),  0 ERROR(S)
