C51 COMPILER V9.54   MAIN                                                                  03/10/2022 14:23:00 PAGE 1   


C51 COMPILER V9.54, COMPILATION OF MODULE MAIN
OBJECT MODULE PLACED IN .\Objects\main.obj
COMPILER INVOKED BY: D:\Keil5\installed file\C51\BIN\C51.EXE main.c OPTIMIZE(8,SPEED) BROWSE DEBUG OBJECTEXTEND PRINT(.\
                    -Listings\main.lst) OBJECT(.\Objects\main.obj)

line level    source

   1          /*
   2           * @brief : 共阳极数码管静态显示，每个数码管依次显示0~9
   3           *                      然后所有数码管一起显示0~F
   4           * @date  : 2022/3/10
   5           */
   6          
   7          
   8          #include <reg52.h>
   9          
  10          u8 code seg7_tab[]={0xc0,0xf9,0xa4,0xb0,0x99,0x92,
  11                              0x82,0xf8,0x80,0x90,0x88,0x80,
  12                              0xc6,0xc0,0x86,0x8e,0xbf,0x7f};            //共阳极最后两位是 - .
  13          
  14          void delay(u16 t)
  15          {
  16   1              u16 i = 60000;
  17   1              
  18   1              while(t--);
  19   1              while(i--);
  20   1      }
  21          
  22          void hc138_select(u8 n)
  23          {
  24   1              switch(n)
  25   1              {
  26   2                      case 4:
  27   2                              P2 = ((P2 & 0x1f) | 0x80);  break;
  28   2                      case 5:
  29   2                              P2 = ((P2 & 0x1f) | 0xa0);  break;
  30   2                      case 6:
  31   2                              P2 = ((P2 & 0x1f) | 0xc0);  break;
  32   2                      case 7:
  33   2                              P2 = ((P2 & 0x1f) | 0xe0);  break;
  34   2              }
  35   1      }
  36          
  37          void system_init(void)     //关闭蜂鸣器等无关器件
  38          {
  39   1              hc138_select(5);
  40   1              P0 = 0;
  41   1      }
  42          
  43          void showsmg_bit(u8 pos, u8 dat)
  44          {
  45   1              hc138_select(6);
  46   1              P0 = (1 << pos);        //位选
  47   1              hc138_select(7);
  48   1              P0 = seg7_tab[dat];     //显示
  49   1      }
  50          
  51          void showsmg(void)
  52          {
  53   1              u8 i, j;
  54   1              for(i = 0; i < 8; i++)     //八个数码管依次显示0~9
C51 COMPILER V9.54   MAIN                                                                  03/10/2022 14:23:00 PAGE 2   

  55   1              {
  56   2                      for(j = 0; j < 10; j++)
  57   2                      {
  58   3                              showsmg_bit(i, j);
  59   3                              delay(60000);
  60   3                      }
  61   2              }
  62   1              
  63   1              /* 八个数码管全部显示数组内全部内容 */
  64   1              hc138_select(6);
  65   1              P0 = 0xff;              //八个数码管全部选中
  66   1              hc138_select(7);
  67   1              for(i = 0; i < 18; i++)
  68   1              {
  69   2                      P0 = seg7_tab[i];     //显示
  70   2                      delay(60000);
  71   2              }
  72   1      }
  73          
  74          void main()
  75          {
  76   1              system_init();
  77   1      
  78   1              while(1)
  79   1              {
  80   2                      showsmg();
  81   2              }
  82   1      }
  83          
  84          


MODULE INFORMATION:   STATIC OVERLAYABLE
   CODE SIZE        =    187    ----
   CONSTANT SIZE    =     18    ----
   XDATA SIZE       =   ----    ----
   PDATA SIZE       =   ----    ----
   DATA SIZE        =   ----    ----
   IDATA SIZE       =   ----    ----
   BIT SIZE         =   ----    ----
END OF MODULE INFORMATION.


C51 COMPILATION COMPLETE.  0 WARNING(S),  0 ERROR(S)
