C51 COMPILER V9.54   MAIN                                                                  03/18/2022 20:44:34 PAGE 1   


C51 COMPILER V9.54, COMPILATION OF MODULE MAIN
OBJECT MODULE PLACED IN .\Objects\main.obj
COMPILER INVOKED BY: D:\Keil5\installed file\C51\BIN\C51.EXE main.c OPTIMIZE(8,SPEED) BROWSE DEBUG OBJECTEXTEND PRINT(.\
                    -Listings\main.lst) OBJECT(.\Objects\main.obj)

line level    source

   1          /*
   2           * @brief: led跑马灯，8路led闪烁三次，依次点亮，再依次熄灭
   3           *  
   4           * @date : 2022/3/10
   5           *
   6           */
   7          
   8          #include <reg52.h>
   9          
  10          void delay(unsigned int t)
  11          {
  12   1              unsigned int i = 60000;
  13   1              while(t--);
  14   1              while(i--);
  15   1              
  16   1      }
  17          
  18          void led_running(void)
  19          {
  20   1              unsigned char i,j;
  21   1              
  22   1              P27 = 1;     //138 C
  23   1              P26 = 0;     //138 B
  24   1              P25 = 0;     //138 A
  25   1              
  26   1              for(i = 0; i < 3; i++)    //8路led闪烁三次
  27   1              {
  28   2                      P0 = 0;
  29   2                      delay(60000);
  30   2                      P0 = 0xff;
  31   2                      delay(60000);
  32   2              }
  33   1              
  34   1              for(j = 0; j < 8; j++)    //8路led依次点亮，再依次熄灭
  35   1              {
  36   2                      P0 = (0xff << j);
  37   2                      delay(30000);
  38   2              }
  39   1              
  40   1              for(j = 0; j < 8; j++)
  41   1              {
  42   2                      P0 = ~(0xff << j);
  43   2                      delay(30000);
  44   2              }
  45   1      }
  46          
  47          
  48          void main()
  49          {
  50   1              while(1)
  51   1              {
  52   2                      led_running();
  53   2              }
  54   1      }
C51 COMPILER V9.54   MAIN                                                                  03/18/2022 20:44:34 PAGE 2   



MODULE INFORMATION:   STATIC OVERLAYABLE
   CODE SIZE        =    110    ----
   CONSTANT SIZE    =   ----    ----
   XDATA SIZE       =   ----    ----
   PDATA SIZE       =   ----    ----
   DATA SIZE        =   ----    ----
   IDATA SIZE       =   ----    ----
   BIT SIZE         =   ----    ----
END OF MODULE INFORMATION.


C51 COMPILATION COMPLETE.  0 WARNING(S),  0 ERROR(S)
