C51 COMPILER V9.54   MAIN                                                                  03/13/2022 15:18:36 PAGE 1   


C51 COMPILER V9.54, COMPILATION OF MODULE MAIN
OBJECT MODULE PLACED IN .\Objects\main.obj
COMPILER INVOKED BY: D:\Keil5\installed file\C51\BIN\C51.EXE main.c OPTIMIZE(8,SPEED) BROWSE DEBUG OBJECTEXTEND PRINT(.\
                    -Listings\main.lst) OBJECT(.\Objects\main.obj)

line level    source

   1          /*
   2           * @brief : 先向ds1302写入时间数据，再读出显示在数码管上
   3           *
   4           * @date  : 2022/3/13
   5           */
   6          
   7          #include <STC15F2K60S2.H>
   8          #include <ds1302.h>
   9          #include <absacc.h>
  10          
  11          /* 要读和写的地址 */
  12          u8 write_ds1302_addr[] = {0x80, 0x82, 0x84, 0x86, 0x88, 0x8a, 0x8c};
  13          u8 read_ds1302_addr[] = {0x81, 0x83, 0x85, 0x87, 0x89, 0x8b, 0x8d};
  14          
  15          /* 读写缓冲区 */
  16          u8 ds1302_buff[7] = {0x30, 0x59, 0x23, 0x13, 0x03, 0x06, 0x22};
  17          
  18          u8 code t_display[]={           //标准字库
  19          //   0    1    2    3    4    5    6    7    8    9    A    B    C    D    E    F
  20              0x3F,0x06,0x5B,0x4F,0x66,0x6D,0x7D,0x07,0x7F,0x6F,0x77,0x7C,0x39,0x5E,0x79,0x71,
  21          //black  -     H    J    K    L    N    o   P    U     t    G    Q    r   M    y
  22              0x00,0x40,0x76,0x1E,0x70,0x38,0x37,0x5C,0x73,0x3E,0x78,0x3d,0x67,0x50,0x37,0x6e,
  23              0xBF,0x86,0xDB,0xCF,0xE6,0xED,0xFD,0x87,0xFF,0xEF,0x46};    //0. 1. 2. 3. 4. 5. 6. 7. 8. 9. -1
  24          
  25          void smg_delay(void)
  26          {
  27   1              u8 i = 100;
  28   1              while(i--);
  29   1      }
  30          
  31          void showsmg_bit(u8 pos, u8 dat)
  32          {
  33   1              XBYTE[0xc000] = 1 << pos;
  34   1              XBYTE[0xe000] = dat;
  35   1              smg_delay();
  36   1              P0 = 0xff;    //消影
  37   1      }
  38          
  39          /* 向ds1302写入数据 */
  40          void ds1302_config(void)
  41          {
  42   1              u8 i;
  43   1              Write_Ds1302_Byte(0x8e, 0x00);   //关闭写保护
  44   1              for(i = 0; i < 7; i++)
  45   1              {
  46   2                      Write_Ds1302_Byte(write_ds1302_addr[i], ds1302_buff[i]);
  47   2              }
  48   1              Write_Ds1302_Byte(0x8e, 0x80);   //打开写保护
  49   1      }
  50          
  51          void read_ds1302(void)
  52          {
  53   1              u8 i;
  54   1              for(i = 0; i < 7; i++)
C51 COMPILER V9.54   MAIN                                                                  03/13/2022 15:18:36 PAGE 2   

  55   1              {
  56   2                      ds1302_buff[i] = Read_Ds1302_Byte(read_ds1302_addr[i]);
  57   2              }
  58   1      }
  59          
  60          void showsmg_ds1302(void)
  61          {
  62   1              showsmg_bit(0, ~t_display[ds1302_buff[2] / 16]);  //十六进制除以16类似十进制除以10
  63   1              showsmg_bit(1, ~t_display[ds1302_buff[2] % 16]);  //时
  64   1              
  65   1              showsmg_bit(2, ~t_display[17]);
  66   1              
  67   1              showsmg_bit(3, ~t_display[ds1302_buff[1] / 16]);  //分
  68   1              showsmg_bit(4, ~t_display[ds1302_buff[1] % 16]);
  69   1              
  70   1              showsmg_bit(5, ~t_display[17]);
  71   1              
  72   1              showsmg_bit(6, ~t_display[ds1302_buff[0] / 16]);  //秒
  73   1              showsmg_bit(7, ~t_display[ds1302_buff[0] % 16]);
  74   1              
  75   1              showsmg_bit(7, 0xff);    //关闭第七位数码管防止它太亮，具体见note
  76   1      }
  77          
  78          void main()
  79          {
  80   1              ds1302_config();
  81   1              while(1)
  82   1              {
  83   2                      read_ds1302();
  84   2                      showsmg_ds1302();
  85   2              }
  86   1      }


MODULE INFORMATION:   STATIC OVERLAYABLE
   CODE SIZE        =    235    ----
   CONSTANT SIZE    =     43    ----
   XDATA SIZE       =   ----    ----
   PDATA SIZE       =   ----    ----
   DATA SIZE        =     21       2
   IDATA SIZE       =   ----    ----
   BIT SIZE         =   ----    ----
END OF MODULE INFORMATION.


C51 COMPILATION COMPLETE.  0 WARNING(S),  0 ERROR(S)
