C51 COMPILER V9.54   MAIN                                                                  03/12/2022 10:19:44 PAGE 1   


C51 COMPILER V9.54, COMPILATION OF MODULE MAIN
OBJECT MODULE PLACED IN .\Objects\main.obj
COMPILER INVOKED BY: D:\Keil5\installed file\C51\BIN\C51.EXE main.c OPTIMIZE(8,SPEED) BROWSE DEBUG OBJECTEXTEND PRINT(.\
                    -Listings\main.lst) OBJECT(.\Objects\main.obj)

line level    source

   1          /*
   2           * @brief : 串口通讯
   3           * 
   4           * @date  : 2022/3/12
   5           */
   6          
   7          
   8          #include <STC15F2K60S2.H>
   9          
  10          u8 rcv_dat = 0;
  11          
  12          void uart_init(void)
  13          {
  14   1              /* 定时器1产生波特率，八位自动重装 */
  15   1              TMOD = ((TMOD & 0x0f) | 0x20);
  16   1              TH1 = 0xfd;      //由公式计算得到
  17   1              TL1 = TH1;
  18   1              TR1 = 1;
  19   1              
  20   1              SCON = 0x50;    //串口相关寄存器
  21   1              ES = 1;         //允许串口中断
  22   1              
  23   1              EA = 1;
  24   1              AUXR = 0;
  25   1      }
  26          
  27          void uart_sendbyte(u8 dat)
  28          {
  29   1              SBUF = dat;
  30   1              while(TI == 0);
  31   1              TI = 0;
  32   1      }
  33          
  34          void main()
  35          {
  36   1              uart_init();
  37   1              uart_sendbyte(0x5a);
  38   1              uart_sendbyte(0xa5);
  39   1              while(1);
  40   1      }
  41          
  42          void uart() interrupt 4
  43          {
  44   1              if(RI == 1)
  45   1              {
  46   2                      RI = 0;
  47   2                      rcv_dat = SBUF;
  48   2                      uart_sendbyte(rcv_dat + 1);
  49   2              }
  50   1      }
  51          


MODULE INFORMATION:   STATIC OVERLAYABLE
C51 COMPILER V9.54   MAIN                                                                  03/12/2022 10:19:44 PAGE 2   

   CODE SIZE        =     81    ----
   CONSTANT SIZE    =   ----    ----
   XDATA SIZE       =   ----    ----
   PDATA SIZE       =   ----    ----
   DATA SIZE        =      1    ----
   IDATA SIZE       =   ----    ----
   BIT SIZE         =   ----    ----
END OF MODULE INFORMATION.


C51 COMPILATION COMPLETE.  0 WARNING(S),  0 ERROR(S)
