C51 COMPILER V9.54   MAIN                                                                  03/11/2022 14:51:31 PAGE 1   


C51 COMPILER V9.54, COMPILATION OF MODULE MAIN
OBJECT MODULE PLACED IN .\Objects\main.obj
COMPILER INVOKED BY: D:\Keil5\installed file\C51\BIN\C51.EXE main.c OPTIMIZE(8,SPEED) BROWSE DEBUG OBJECTEXTEND PRINT(.\
                    -Listings\main.lst) OBJECT(.\Objects\main.obj)

line level    source

   1          /*
   2           * @brief : 定时器实现灯的闪烁
   3           *
   4           * @date  : 2022/3/11
   5           */
   6           
   7          #include <reg52.h>
   8          
   9          void hc138_select(u8 n)
  10          {
  11   1              switch(n)
  12   1              {
  13   2                      case 4:
  14   2                              P2 = ((P2 & 0x1f) | 0x80);  break;
  15   2                      case 5:
  16   2                              P2 = ((P2 & 0x1f) | 0xa0);  break;
  17   2                      case 6:
  18   2                              P2 = ((P2 & 0x1f) | 0xc0);  break;
  19   2                      case 7:
  20   2                              P2 = ((P2 & 0x1f) | 0xe0);  break;
  21   2              }
  22   1      }
  23          
  24          void timer0_init(void)
  25          {
  26   1              TMOD = ((TMOD & 0xf0) | 0x01);
  27   1              TH0 = ((65535 - 50000) / 256);
  28   1              TL0 = ((65535 - 50000) % 256);
  29   1              ET0 = 1;
  30   1              TR0 = 1;
  31   1              EA = 1;
  32   1      }
  33          
  34          void main()
  35          {
  36   1              hc138_select(4);
  37   1              timer0_init();
  38   1              while(1)
  39   1              {
  40   2                      
  41   2              }
  42   1      }
  43          
  44          
  45          u8 cnt = 0;
  46          void tim0() interrupt 1
  47          {
  48   1              TH0 = ((65535 - 50000) / 256);
  49   1              TL0 = ((65535 - 50000) % 256);
  50   1              
  51   1              cnt++;
  52   1              if((cnt % 10) == 0)
  53   1              {
  54   2                      P00 = !P00;
C51 COMPILER V9.54   MAIN                                                                  03/11/2022 14:51:31 PAGE 2   

  55   2              }
  56   1              if(cnt == 20)
  57   1              {
  58   2                      cnt = 0;
  59   2                      P01 = !P01;
  60   2              }
  61   1      }


MODULE INFORMATION:   STATIC OVERLAYABLE
   CODE SIZE        =    125    ----
   CONSTANT SIZE    =   ----    ----
   XDATA SIZE       =   ----    ----
   PDATA SIZE       =   ----    ----
   DATA SIZE        =      1    ----
   IDATA SIZE       =   ----    ----
   BIT SIZE         =   ----    ----
END OF MODULE INFORMATION.


C51 COMPILATION COMPLETE.  0 WARNING(S),  0 ERROR(S)
