C51 COMPILER V9.54   MAIN                                                                  04/02/2022 19:41:33 PAGE 1   


C51 COMPILER V9.54, COMPILATION OF MODULE MAIN
OBJECT MODULE PLACED IN .\Objects\main.obj
COMPILER INVOKED BY: D:\Keil5\installed file\C51\BIN\C51.EXE main.c OPTIMIZE(8,SPEED) BROWSE DEBUG OBJECTEXTEND PRINT(.\
                    -Listings\main.lst) OBJECT(.\Objects\main.obj)

line level    source

   1          /*
   2           * @brief : 第十一届省赛
   3           *
   4           * @date  : 2022/3/15
   5           */
   6          
   7          
   8          #include <STC15F2K60S2.H>
   9          #include "iic.h"
  10          #include "onewire.h"
  11          
  12          u16 temp;
  13          u8 temph, templ;
  14          char t_max = 30, t_min = 20;
  15          char t_max_pre, t_min_pre;
  16          
  17          u8 code smg_display[]={                       //标准字库
  18          //   0    1    2    3    4    5    6    7    8    9    A    B    C    D    E    F
  19              0x3F,0x06,0x5B,0x4F,0x66,0x6D,0x7D,0x07,0x7F,0x6F,0x77,0x7C,0x39,0x5E,0x79,0x71,
  20          //black  -     H    J    K    L    N    o   P    U     t    G    Q    r   M    y
  21              0x00,0x40,0x76,0x1E,0x70,0x38,0x37,0x5C,0x73,0x3E,0x78,0x3d,0x67,0x50,0x37,0x6e,
  22              0xBF,0x86,0xDB,0xCF,0xE6,0xED,0xFD,0x87,0xFF,0xEF,0x46};    //0. 1. 2. 3. 4. 5. 6. 7. 8. 9. -1
  23          
  24          void smgshow_temp(void);
  25          void smgshow(void);
  26          
  27                  
  28          void hc138_select(u8 n)
  29          {
  30   1              switch(n)
  31   1              {
  32   2                      case 4:
  33   2                              P2 = (P2 & 0x1f) | 0x80;  break;
  34   2                      case 5:
  35   2                              P2 = (P2 & 0x1f) | 0xa0;  break;
  36   2                      case 6:
  37   2                              P2 = (P2 & 0x1f) | 0xc0;  break;
  38   2                      case 7:
  39   2                              P2 = (P2 & 0x1f) | 0xe0;  break;
  40   2              }
  41   1      }
  42          
  43          void smg_delay(void)
  44          {
  45   1              u8 t = 60;
  46   1              while(t--);
  47   1      }
  48          
  49          void smgshow_bit(u8 pos, u8 dat)
  50          {
  51   1              hc138_select(6);
  52   1              P0 = 1 << pos;
  53   1              hc138_select(7);
  54   1              P0 = dat;
C51 COMPILER V9.54   MAIN                                                                  04/02/2022 19:41:33 PAGE 2   

  55   1              smg_delay();
  56   1              P0 = 0xff;
  57   1      }
  58          
  59          void sys_init(void)
  60          {
  61   1              hc138_select(4);
  62   1              P0 = 0xff;
  63   1              hc138_select(5);
  64   1              P0 = 0x00;
  65   1              hc138_select(6);
  66   1              P0 = 0xff;
  67   1              hc138_select(7);
  68   1              P0 = 0xff;
  69   1      }
  70          
  71          void delay(u16 tt)
  72          {
  73   1              while(tt--)
  74   1              {
  75   2                      smgshow();
  76   2              }
  77   1      }
  78          
  79          void get_temp(void)
  80          {
  81   1              init_ds18b20();
  82   1              Write_DS18B20(0xcc);
  83   1              Write_DS18B20(0x44);
  84   1              delay(40);
  85   1              init_ds18b20();
  86   1              Write_DS18B20(0xcc);
  87   1              Write_DS18B20(0xbe);
  88   1              templ = Read_DS18B20();
  89   1              temph = Read_DS18B20();
  90   1              init_ds18b20();
  91   1              
  92   1              temp = temph;
  93   1              temp = ((temp << 8) | templ);
  94   1              if((temp & 0xf800) == 0x0000)
  95   1              {
  96   2                      temp = temp >> 4;
  97   2              }
  98   1      }
  99          
 100          void smgshow_temp(void)
 101          {
 102   1              smgshow_bit(0, ~smg_display[12]);
 103   1              smgshow_bit(6, ~smg_display[temp / 10]);
 104   1              smgshow_bit(7, ~smg_display[temp % 10]);
 105   1      }
 106          
 107          void smgshow_settemp(void)
 108          {
 109   1              smgshow_bit(0, ~smg_display[24]);
 110   1              
 111   1              smgshow_bit(3, ~smg_display[t_max / 10]);
 112   1              smgshow_bit(4, ~smg_display[t_max % 10]);
 113   1              
 114   1              smgshow_bit(6, ~smg_display[t_min / 10]);
 115   1              smgshow_bit(7, ~smg_display[t_min % 10]);
 116   1      }
C51 COMPILER V9.54   MAIN                                                                  04/02/2022 19:41:33 PAGE 3   

 117          
 118          void pcf8591_dac(u8 dat)
 119          {
 120   1              IIC_Start();
 121   1              IIC_SendByte(0x90);
 122   1              IIC_WaitAck();
 123   1              IIC_SendByte(0x40);
 124   1              IIC_WaitAck();
 125   1              IIC_SendByte(dat);
 126   1              IIC_WaitAck();
 127   1              IIC_Stop();
 128   1      }
 129          
 130          void temp_detect(void)      //检测环境
 131          {
 132   1              if(t_min > t_max)
 133   1              {
 134   2                      hc138_select(4);
 135   2                      P00 = 1;
 136   2                      P01 = 1;
 137   2                      P02 = 1;
 138   2                      P03 = 0;
 139   2              }
 140   1              else if(temp < t_min)
 141   1              {
 142   2                      pcf8591_dac((2 * 256) / 5);
 143   2                      hc138_select(4);
 144   2                      P00 = 1;
 145   2                      P01 = 1;
 146   2                      P02 = 0;
 147   2                      P03 = 1;
 148   2              }
 149   1              else if(temp > t_max)
 150   1              {
 151   2                      pcf8591_dac(205);
 152   2                      hc138_select(4);
 153   2                      P00 = 0;
 154   2                      P01 = 1;
 155   2                      P02 = 1;
 156   2                      P03 = 1;
 157   2              }
 158   1              else if((t_min <= temp) && (temp <= t_max))
 159   1              {
 160   2                      pcf8591_dac((3 * 256) / 5);
 161   2                      hc138_select(4);
 162   2                      P00 = 1;
 163   2                      P01 = 0;
 164   2                      P02 = 1;
 165   2                      P03 = 1;
 166   2              }
 167   1      }
 168          
 169          void Delay10ms()                 //@11.0592MHz
 170          {
 171   1              unsigned char i, j;
 172   1      
 173   1              i = 108;
 174   1              j = 145;
 175   1              do
 176   1              {
 177   2                      while (--j);
 178   2              } while (--i);
C51 COMPILER V9.54   MAIN                                                                  04/02/2022 19:41:33 PAGE 4   

 179   1      }
 180          
 181          static u8 s4_flag = 0, s5_flag = 0;
 182          void key_scan(void)
 183          {
 184   1              if(P33 == 0)
 185   1              {
 186   2                      Delay10ms();
 187   2                      if(P33 == 0)
 188   2                      {
 189   3                              while(P33 == 0)
 190   3                                      smgshow();
 191   3                              s4_flag++;
 192   3                              if(s4_flag == 1)    //每次从数据界面切换到参数界面，默认当前选择的参数是温度下限参数t_min。
 193   3                              {
 194   4                                      s5_flag = 0;
 195   4                                      t_min_pre = t_min;
 196   4                                      t_max_pre = t_max;
 197   4                              }
 198   3                              if(s4_flag == 2)
 199   3                              {
 200   4                                      s4_flag = 0;
 201   4                                      if(t_min > t_max)     //检查数据合理性
 202   4                                      {
 203   5                                              t_max = t_max_pre;
 204   5                                              t_min = t_min_pre;
 205   5                                      }
 206   4                              }
 207   3                      }
 208   2              }
 209   1              if(P32 == 0)
 210   1              {
 211   2                      Delay10ms();
 212   2                      if(P32 == 0)
 213   2                      {
 214   3                              while(P32 == 0)
 215   3                                      smgshow();
 216   3                              s5_flag++;
 217   3                              if(s5_flag == 2)
 218   3                                      s5_flag = 0;
 219   3                      }
 220   2              }
 221   1              
 222   1              if((P31 == 0) && (s4_flag == 1) )
 223   1              {
 224   2                      Delay10ms();
 225   2                      if(P31 == 0)
 226   2                      {
 227   3                              while(P31 == 0)
 228   3                                      smgshow();
 229   3                              
 230   3                              if(s5_flag == 0)     //t_min 加一
 231   3                              {
 232   4                                      t_min++;
 233   4                              }
 234   3                              
 235   3                              if(s5_flag == 1)     //t_max 加一
 236   3                              {
 237   4                                      t_max++;
 238   4                              }
 239   3                      }
 240   2              }
C51 COMPILER V9.54   MAIN                                                                  04/02/2022 19:41:33 PAGE 5   

 241   1              
 242   1              if((P30 == 0) && (s4_flag == 1) )
 243   1              {
 244   2                      Delay10ms();
 245   2                      if(P30 == 0)
 246   2                      {
 247   3                              while(P30 == 0)
 248   3                                      smgshow();
 249   3                              
 250   3                              if(s5_flag == 0)     //t_min 减一
 251   3                              {
 252   4                                      t_min--;
 253   4                              }
 254   3                              
 255   3                              if(s5_flag == 1)     //t_max 减一
 256   3                              {
 257   4                                      t_max--;
 258   4                              }
 259   3                      }
 260   2              }
 261   1              
 262   1              if(t_max > 99)
 263   1                      t_max = 99;
 264   1              if(t_min > 99)
 265   1                      t_min = 99;
 266   1              if(t_max < 0)
 267   1                      t_max = 0;
 268   1              if(t_min < 0)
 269   1                      t_min = 0;
 270   1      }
 271          
 272          
 273          void smgshow(void)
 274          {
 275   1              if(s4_flag == 1)
 276   1              {
 277   2                      smgshow_settemp();
 278   2              }
 279   1              else
 280   1                      smgshow_temp();
 281   1      }
 282          
 283          void main()
 284          {
 285   1              sys_init();
 286   1              while(1)
 287   1              {
 288   2                      key_scan();
 289   2                      get_temp();
 290   2                      temp_detect();
 291   2                      smgshow();
 292   2              }
 293   1      }
 294          
 295          


MODULE INFORMATION:   STATIC OVERLAYABLE
   CODE SIZE        =    848    ----
   CONSTANT SIZE    =     43    ----
   XDATA SIZE       =   ----    ----
   PDATA SIZE       =   ----    ----
C51 COMPILER V9.54   MAIN                                                                  04/02/2022 19:41:33 PAGE 6   

   DATA SIZE        =     10       3
   IDATA SIZE       =   ----    ----
   BIT SIZE         =   ----    ----
END OF MODULE INFORMATION.


C51 COMPILATION COMPLETE.  0 WARNING(S),  0 ERROR(S)
