C51 COMPILER V9.54   MAIN                                                                  03/11/2022 18:12:38 PAGE 1   


C51 COMPILER V9.54, COMPILATION OF MODULE MAIN
OBJECT MODULE PLACED IN .\Objects\main.obj
COMPILER INVOKED BY: D:\Keil5\installed file\C51\BIN\C51.EXE main.c OPTIMIZE(8,SPEED) BROWSE DEBUG OBJECTEXTEND PRINT(.\
                    -Listings\main.lst) OBJECT(.\Objects\main.obj)

line level    source

   1          /*
   2           * @brief : PWM 控制LED0的亮度0-->10%-->20%-->90%，按键S7控制
   3           *
   4           * @date  : 2022/3/11
   5           */
   6          
   7          
   8          #include <reg52.h>
   9          
  10          u8 pwm_duty = 0;
  11          
  12          void hc138_select(u8 n)
  13          {
  14   1              switch(n)
  15   1              {
  16   2                      case 4:
  17   2                              P2 = ((P2 & 0x1f) | 0x80);  break;
  18   2                      case 5:
  19   2                              P2 = ((P2 & 0x1f) | 0xa0);  break;
  20   2                      case 6:
  21   2                              P2 = ((P2 & 0x1f) | 0xc0);  break;
  22   2                      case 7:
  23   2                              P2 = ((P2 & 0x1f) | 0xe0);  break;
  24   2              }
  25   1      }
  26          
  27          void timer0_init(void)
  28          {
  29   1              TMOD = ((TMOD & 0xf0) | 0x01);
  30   1              TH0 = (65535 - 100) / 256;
  31   1              TL0 = (65535 - 100) % 256;
  32   1              TR0 = 1;
  33   1              ET0 = 1;
  34   1              EA = 1;
  35   1      }
  36          
  37          
  38          void Delay10ms()                //@11.0592MHz
  39          {
  40   1              unsigned char i, j;
  41   1      
  42   1              i = 108;
  43   1              j = 145;
  44   1              do
  45   1              {
  46   2                      while (--j);
  47   2              } while (--i);
  48   1      }
  49          
  50          u8 key_state = 0;
  51          void key_scan(void)
  52          {
  53   1              if(P30 == 0)
  54   1              {
C51 COMPILER V9.54   MAIN                                                                  03/11/2022 18:12:38 PAGE 2   

  55   2                      Delay10ms();
  56   2                      if(P30 == 0)
  57   2                      {
  58   3                              while(P30 == 0);       //松手检测
  59   3                              key_state++;
  60   3                              if(key_state == 4)
  61   3                                      key_state = 0;
  62   3                              switch(key_state)
  63   3                              {
  64   4                                      case 0:
  65   4                                              pwm_duty = 0;   break;
  66   4                                      case 1:
  67   4                                              pwm_duty = 10;  break;
  68   4                                      case 2:
  69   4                                              pwm_duty = 20;  break;
  70   4                                      case 3:
  71   4                                              pwm_duty = 90;  break;
  72   4                              }
  73   3                      }
  74   2              }
  75   1              
  76   1      }
  77          
  78          void main()
  79          {
  80   1              hc138_select(4);
  81   1              timer0_init();
  82   1              
  83   1              while(1)
  84   1              {
  85   2                      key_scan();
  86   2              }
  87   1      }
  88          
  89          u8 cnt = 0;
  90          
  91          void tim0() interrupt 1
  92          {
  93   1              TH0 = (65535 - 100) / 256;
  94   1              TL0 = (65535 - 100) % 256;
  95   1              cnt++;
  96   1              if(cnt == 100)
  97   1                      cnt = 0;
  98   1              if(cnt < pwm_duty)        //小于占空比亮灯
  99   1                      P00 = 0;
 100   1              if(cnt >= pwm_duty)        //大于占空比灭灯
 101   1                      P00 = 1;
 102   1      }
 103          


MODULE INFORMATION:   STATIC OVERLAYABLE
   CODE SIZE        =    190    ----
   CONSTANT SIZE    =   ----    ----
   XDATA SIZE       =   ----    ----
   PDATA SIZE       =   ----    ----
   DATA SIZE        =      3    ----
   IDATA SIZE       =   ----    ----
   BIT SIZE         =   ----    ----
END OF MODULE INFORMATION.


C51 COMPILATION COMPLETE.  0 WARNING(S),  0 ERROR(S)
