C51 COMPILER V9.54   MAIN                                                                  03/12/2022 16:10:34 PAGE 1   


C51 COMPILER V9.54, COMPILATION OF MODULE MAIN
OBJECT MODULE PLACED IN .\Objects\main.obj
COMPILER INVOKED BY: D:\Keil5\installed file\C51\BIN\C51.EXE main.c OPTIMIZE(8,SPEED) BROWSE DEBUG OBJECTEXTEND PRINT(.\
                    -Listings\main.lst) OBJECT(.\Objects\main.obj)

line level    source

   1          /*
   2           * @brief : 串口进阶，题目具体要求见note
   3           *
   4           * @date  : 2022/3/12
   5           */
   6          
   7          
   8          #include <STC15F2K60S2.H>
   9          
  10          u8 rcv_dat = 0;
  11          
  12          void hc138_select(u8 n)
  13          {
  14   1              switch(n)
  15   1              {
  16   2                      case 4:
  17   2                              P2 = ((P2 & 0x1f) | 0x80);  break;
  18   2                      case 5:
  19   2                              P2 = ((P2 & 0x1f) | 0xa0);  break;
  20   2                      case 6:
  21   2                              P2 = ((P2 & 0x1f) | 0xc0);  break;
  22   2                      case 7:
  23   2                              P2 = ((P2 & 0x1f) | 0xe0);  break;
  24   2              }
  25   1      }
  26          
  27          /* 初始化关闭led,蜂鸣器等 */
  28          void system_init(void)
  29          {
  30   1              hc138_select(5);
  31   1              P0 = 0;
  32   1              hc138_select(4);
  33   1              P0 = 0xff;
  34   1      }
  35          
  36          void uart_init(void)
  37          {
  38   1              TMOD = ((TMOD & 0x0f) | 0x20);
  39   1              TH1 = 0xfd;
  40   1              TL1 = TH1;
  41   1              TR1 = 1;
  42   1              
  43   1              SCON = 0x50;
  44   1              ES = 1;
  45   1              EA = 1;
  46   1              AUXR = 0x00;
  47   1      }
  48          
  49          void uart_sendbyte(u8 dat)
  50          {
  51   1              SBUF = dat;
  52   1              while(TI == 0);
  53   1              TI = 0;
  54   1      }
C51 COMPILER V9.54   MAIN                                                                  03/12/2022 16:10:34 PAGE 2   

  55          
  56          void uart_sendstr(u8 *str)
  57          {
  58   1              while(*str != '\0')
  59   1              {
  60   2                      uart_sendbyte(*str);
  61   2                      str++;
  62   2              }
  63   1      }
  64          
  65          
  66          /* 单片机执行上位机的命令 */
  67          void execute_command(u8 command)
  68          {
  69   1              switch(command & 0xf0)
  70   1              {
  71   2                      case 0xa0:
  72   2                              P0 = ((P0 & 0xf0) | ((~command) & 0x0f));
  73   2                              rcv_dat = 0;           //执行完命令后清零，防止重复执行
  74   2                      break;
  75   2                      
  76   2                      case 0xb0:
  77   2                              P0 = ((P0 & 0x0f) | (~command << 4));
  78   2                              rcv_dat = 0;           //执行完命令后清零，防止重复执行
  79   2                      break;
  80   2                      
  81   2                      case 0xc0:
  82   2                              uart_sendstr("The system is running...\r\n");
  83   2                              rcv_dat = 0;           //执行完命令后清零，防止重复执行
  84   2                      break;
  85   2              }
  86   1      }
  87          
  88          void main()
  89          {
  90   1              system_init();
  91   1              uart_init();
  92   1              uart_sendstr("welcome zhaizm! 祝你早日成为嵌入式大佬！\r\n");
  93   1      
  94   1              while(1)
  95   1              {
  96   2                      execute_command(rcv_dat);
  97   2              }
  98   1      }
  99          
 100          void uart() interrupt 4
 101          {
 102   1              if(RI == 1)
 103   1              {
 104   2                      rcv_dat = SBUF;
 105   2                      RI = 0;
 106   2              }
 107   1      }
 108          


MODULE INFORMATION:   STATIC OVERLAYABLE
   CODE SIZE        =    206    ----
   CONSTANT SIZE    =     70    ----
   XDATA SIZE       =   ----    ----
   PDATA SIZE       =   ----    ----
   DATA SIZE        =      1    ----
C51 COMPILER V9.54   MAIN                                                                  03/12/2022 16:10:34 PAGE 3   

   IDATA SIZE       =   ----    ----
   BIT SIZE         =   ----    ----
END OF MODULE INFORMATION.


C51 COMPILATION COMPLETE.  0 WARNING(S),  0 ERROR(S)
