C51 COMPILER V9.54   MAIN                                                                  03/11/2022 13:52:58 PAGE 1   


C51 COMPILER V9.54, COMPILATION OF MODULE MAIN
OBJECT MODULE PLACED IN .\Objects\main.obj
COMPILER INVOKED BY: D:\Keil5\installed file\C51\BIN\C51.EXE main.c OPTIMIZE(8,SPEED) BROWSE DEBUG OBJECTEXTEND PRINT(.\
                    -Listings\main.lst) OBJECT(.\Objects\main.obj)

line level    source

   1          /*
   2           * @brief : 外部中断，按下按键S5，点亮L5
   3           * 
   4           * @date  : 2022/3/11
   5           */
   6           
   7          #include <reg52.h>
   8          
   9          u8 int0_flag = 0;
  10          
  11          void delay(u16 t)
  12          {
  13   1              u16 i = 60000;
  14   1              while(t--);
  15   1              while(i--);
  16   1      }
  17          
  18          void hc138_select(u8 n)
  19          {
  20   1              switch(n)
  21   1              {
  22   2                      case 4:
  23   2                              P2 = ((P2 & 0x1f) | 0x80);  break;
  24   2                      case 5:
  25   2                              P2 = ((P2 & 0x1f) | 0xa0);  break;
  26   2                      case 6:
  27   2                              P2 = ((P2 & 0x1f) | 0xc0);  break;
  28   2                      case 7:
  29   2                              P2 = ((P2 & 0x1f) | 0xe0);  break;
  30   2              }
  31   1      }
  32          
  33          void led0_work(void)
  34          {
  35   1              hc138_select(4);
  36   1              P00 = 0;
  37   1              delay(60000);
  38   1              P00 = 1;
  39   1              delay(60000);
  40   1      }
  41          
  42          void int_init(void)
  43          {
  44   1              IT0 = 1;
  45   1              EX0 = 1;
  46   1              EA = 1;
  47   1      }
  48          
  49          void led5_work(void)
  50          {
  51   1              if(int0_flag == 1)
  52   1              {
  53   2                      int0_flag = 0;
  54   2                      P04 = 0;
C51 COMPILER V9.54   MAIN                                                                  03/11/2022 13:52:58 PAGE 2   

  55   2                      delay(60000);
  56   2                      delay(60000);
  57   2                      delay(60000);
  58   2                      delay(60000);
  59   2                      P04 = 1;
  60   2              }
  61   1      }
  62          
  63          void main()
  64          {
  65   1              int_init();
  66   1              
  67   1              while(1)
  68   1              {
  69   2                      led0_work();
  70   2                      led5_work();
  71   2              }
  72   1      }
  73          
  74          void int0_service() interrupt 0
  75          {
  76   1              int0_flag = 1;
  77   1      }
  78           


MODULE INFORMATION:   STATIC OVERLAYABLE
   CODE SIZE        =    147    ----
   CONSTANT SIZE    =   ----    ----
   XDATA SIZE       =   ----    ----
   PDATA SIZE       =   ----    ----
   DATA SIZE        =      1    ----
   IDATA SIZE       =   ----    ----
   BIT SIZE         =   ----    ----
END OF MODULE INFORMATION.


C51 COMPILATION COMPLETE.  0 WARNING(S),  0 ERROR(S)
