C51 COMPILER V9.54   IIC                                                                   06/10/2022 12:33:46 PAGE 1   


C51 COMPILER V9.54, COMPILATION OF MODULE IIC
OBJECT MODULE PLACED IN .\Objects\iic.obj
COMPILER INVOKED BY: D:\Keil5\installed file\C51\BIN\C51.EXE iic.c OPTIMIZE(8,SPEED) BROWSE DEBUG OBJECTEXTEND PRINT(.\L
                    -istings\iic.lst) OBJECT(.\Objects\iic.obj)

line level    source

   1          #include "iic.h"
   2          
   3          #define DELAY_TIME 5
   4          
   5          sbit SDA = P2^1;
   6          sbit SCL = P2^0;
   7          
   8          //I2C总线内部延时函数
   9          void IIC_Delay(unsigned char i)
  10          {
  11   1          do{_nop_();}
  12   1          while(i--);        
  13   1      }
  14          
  15          //I2C总线启动信号
  16          void IIC_Start(void)
  17          {
  18   1          SDA = 1;
  19   1          SCL = 1;
  20   1          IIC_Delay(DELAY_TIME);
  21   1          SDA = 0;
  22   1          IIC_Delay(DELAY_TIME);
  23   1          SCL = 0;    
  24   1      }
  25          
  26          //I2C总线停止信号
  27          void IIC_Stop(void)
  28          {
  29   1          SDA = 0;
  30   1          SCL = 1;
  31   1          IIC_Delay(DELAY_TIME);
  32   1          SDA = 1;
  33   1          IIC_Delay(DELAY_TIME);
  34   1      }
  35          
  36          //发送应答或非应答信号
  37          void IIC_SendAck(bit ackbit)
  38          {
  39   1          SCL = 0;
  40   1          SDA = ackbit;                                       
  41   1          IIC_Delay(DELAY_TIME);
  42   1          SCL = 1;
  43   1          IIC_Delay(DELAY_TIME);
  44   1          SCL = 0; 
  45   1          SDA = 1;
  46   1          IIC_Delay(DELAY_TIME);
  47   1      }
  48          
  49          //等待应答
  50          bit IIC_WaitAck(void)
  51          {
  52   1          bit ackbit;
  53   1              
  54   1          SCL  = 1;
C51 COMPILER V9.54   IIC                                                                   06/10/2022 12:33:46 PAGE 2   

  55   1          IIC_Delay(DELAY_TIME);
  56   1          ackbit = SDA;
  57   1          SCL = 0;
  58   1          IIC_Delay(DELAY_TIME);
  59   1          return ackbit;
  60   1      }
  61          
  62          //I2C总线发送一个字节数据
  63          void IIC_SendByte(unsigned char byt)
  64          {
  65   1          unsigned char i;
  66   1      
  67   1          for(i=0; i<8; i++)
  68   1          {
  69   2              SCL  = 0;
  70   2              IIC_Delay(DELAY_TIME);
  71   2              if(byt & 0x80) SDA  = 1;
  72   2              else SDA  = 0;
  73   2              IIC_Delay(DELAY_TIME);
  74   2              SCL = 1;
  75   2              byt <<= 1;
  76   2              IIC_Delay(DELAY_TIME);
  77   2          }
  78   1          SCL  = 0;  
  79   1      }
  80          
  81          //I2C总线接收一个字节数据
  82          unsigned char IIC_RecByte(void)
  83          {
  84   1          unsigned char i, da;
  85   1          for(i=0; i<8; i++)
  86   1          {   
  87   2              SCL = 1;
  88   2              IIC_Delay(DELAY_TIME);
  89   2              da <<= 1;
  90   2              if(SDA) da |= 1;
  91   2              SCL = 0;
  92   2              IIC_Delay(DELAY_TIME);
  93   2          }
  94   1          return da;    
  95   1      }


MODULE INFORMATION:   STATIC OVERLAYABLE
   CODE SIZE        =    152    ----
   CONSTANT SIZE    =   ----    ----
   XDATA SIZE       =   ----    ----
   PDATA SIZE       =   ----    ----
   DATA SIZE        =   ----    ----
   IDATA SIZE       =   ----    ----
   BIT SIZE         =   ----       2
END OF MODULE INFORMATION.


C51 COMPILATION COMPLETE.  0 WARNING(S),  0 ERROR(S)
