C51 COMPILER V9.54   MAIN                                                                  03/30/2022 16:34:35 PAGE 1   


C51 COMPILER V9.54, COMPILATION OF MODULE MAIN
OBJECT MODULE PLACED IN .\Objects\main.obj
COMPILER INVOKED BY: D:\Keil5\installed file\C51\BIN\C51.EXE main.c OPTIMIZE(8,SPEED) BROWSE DEBUG OBJECTEXTEND PRINT(.\
                    -Listings\main.lst) OBJECT(.\Objects\main.obj)

line level    source

   1          /*
   2           * @brief: 第十二届省赛
   3           *
   4           * @date : 2022/3/29
   5           *
   6           */
   7           
   8          #include <STC15F2K60S2.H>
   9          #include "iic.h"
  10          
  11          float adc_ain1 = 0, adc_ain3 = 0;
  12          u16 para1 = 250, set1 = 250;
  13          u16 para3 = 300, set3 = 300;
  14          u8 s4_flag = 0, s5_flag = 0;
  15          u8 code smg_display[]={                       //标准字库
  16          //   0    1    2    3    4    5    6    7    8    9    A    B    C    D    E    F
  17              0x3F,0x06,0x5B,0x4F,0x66,0x6D,0x7D,0x07,0x7F,0x6F,0x77,0x7C,0x39,0x5E,0x79,0x71,
  18          //black  -     H    J    K    L    N    o   P    U     t    G    Q    r   M    y
  19              0x00,0x40,0x76,0x1E,0x70,0x38,0x37,0x5C,0x73,0x3E,0x78,0x3d,0x67,0x50,0x37,0x6e};
  20          u8 code smgdot_display[] = {
  21              0xBF,0x86,0xDB,0xCF,0xE6,0xED,0xFD,0x87,0xFF,0xEF,0x46};    //0. 1. 2. 3. 4. 5. 6. 7. 8. 9. -1
  22          
  23          
  24                  
  25          void hc138_select(u8 n)
  26          {
  27   1              switch(n)
  28   1              {
  29   2                      case 4:
  30   2                              P2 = (P2 & 0x1f) | 0x80;  break;
  31   2                      case 5:
  32   2                              P2 = (P2 & 0x1f) | 0xa0;  break;
  33   2                      case 6:
  34   2                              P2 = (P2 & 0x1f) | 0xc0;  break;
  35   2                      case 7:
  36   2                              P2 = (P2 & 0x1f) | 0xe0;  break;
  37   2              }
  38   1      }
  39          
  40          void sys_init()
  41          {
  42   1              hc138_select(4);
  43   1              P0 = 0xff;
  44   1              hc138_select(5);
  45   1              P0 = 0x00;
  46   1      }
  47          
  48          void pcf8591_adc(u8 channel)
  49          {
  50   1              float dat;
  51   1              
  52   1              IIC_Start();
  53   1              IIC_SendByte(0x90);
  54   1              IIC_WaitAck();
C51 COMPILER V9.54   MAIN                                                                  03/30/2022 16:34:35 PAGE 2   

  55   1              IIC_SendByte(channel);
  56   1              IIC_WaitAck();
  57   1              
  58   1              IIC_Start();
  59   1              IIC_SendByte(0x91);
  60   1              IIC_WaitAck();
  61   1              dat = IIC_RecByte();
  62   1              IIC_SendAck(1);
  63   1              IIC_Stop();
  64   1              
  65   1              if(channel == 0x03)
  66   1              {
  67   2                      adc_ain3 = dat * 500 / 255;
  68   2              }
  69   1              else if(channel == 0x01)
  70   1              {
  71   2                      adc_ain1 = dat * 500 / 255;
  72   2              }
  73   1      }
  74          
  75          void smg_delay(u16 t)
  76          {
  77   1              while(t--);
  78   1      }
  79          
  80          void smgshow_bit(u8 pos, u8 dat)
  81          {
  82   1              hc138_select(6);
  83   1              P0 = 1 << pos;
  84   1              hc138_select(7);
  85   1              P0 = dat;
  86   1              
  87   1              smg_delay(100);
  88   1              P0 = 0xff;
  89   1      }
  90          
  91          void show_ain1()
  92          {
  93   1              smgshow_bit(0, ~smg_display[25]);
  94   1              smgshow_bit(1, ~smg_display[1]);
  95   1              smgshow_bit(5, ~smgdot_display[(int)adc_ain1 / 100]);
  96   1              smgshow_bit(6, ~smg_display[(int)adc_ain1 / 10 % 10]);
  97   1              smgshow_bit(7, ~smg_display[(int)adc_ain1 % 10]);
  98   1      }
  99          
 100          void show_ain3()
 101          {
 102   1              smgshow_bit(0, ~smg_display[25]);
 103   1              smgshow_bit(1, ~smg_display[3]);
 104   1              smgshow_bit(5, ~smgdot_display[(int)adc_ain3 / 100]);
 105   1              smgshow_bit(6, ~smg_display[(int)adc_ain3 / 10 % 10]);
 106   1              smgshow_bit(7, ~smg_display[(int)adc_ain3 % 10]);
 107   1      }
 108          
 109          void show_para1()
 110          {
 111   1              smgshow_bit(0, ~smg_display[24]);
 112   1              smgshow_bit(1, ~smg_display[1]);
 113   1              smgshow_bit(5, ~smgdot_display[set1 / 100]);
 114   1              smgshow_bit(6, ~smg_display[set1 / 10 % 10]);
 115   1              smgshow_bit(7, ~smg_display[set1 % 10]);
 116   1      }
C51 COMPILER V9.54   MAIN                                                                  03/30/2022 16:34:35 PAGE 3   

 117          
 118          void show_para3()
 119          {
 120   1              smgshow_bit(0, ~smg_display[24]);
 121   1              smgshow_bit(1, ~smg_display[3]);
 122   1              smgshow_bit(5, ~smgdot_display[set3 / 100]);
 123   1              smgshow_bit(6, ~smg_display[set3 / 10 % 10]);
 124   1              smgshow_bit(7, ~smg_display[set3 % 10]);
 125   1      }
 126          
 127          void smgshow()
 128          {
 129   1              if(s5_flag == 0)       //显示数据
 130   1              {
 131   2                      if(s4_flag == 1)
 132   2                      {
 133   3                              show_ain3();
 134   3                      }
 135   2                      else if(s4_flag == 0)
 136   2                      {
 137   3                              show_ain1();
 138   3                      }
 139   2              }
 140   1              else                  //显示参数
 141   1              {
 142   2                      if(s4_flag == 1)
 143   2                      {
 144   3                              show_para3();
 145   3                      }
 146   2                      else if(s4_flag == 0)
 147   2                      {
 148   3                              show_para1();
 149   3                      }
 150   2              }
 151   1      }
 152          
 153          void Delay10ms()                //@11.0592MHz
 154          {
 155   1              unsigned char i, j;
 156   1      
 157   1              i = 108;
 158   1              j = 145;
 159   1              do
 160   1              {
 161   2                      while (--j);
 162   2              } while (--i);
 163   1      }
 164          
 165          void key_scan()
 166          {
 167   1              if(P33 == 0)
 168   1              {
 169   2                      Delay10ms();
 170   2                      if(P33 == 0)
 171   2                      {
 172   3                              while(P33 == 0)
 173   3                              {
 174   4                                      smgshow();
 175   4                              }
 176   3                              s4_flag = !s4_flag;
 177   3                      }
 178   2              }
C51 COMPILER V9.54   MAIN                                                                  03/30/2022 16:34:35 PAGE 4   

 179   1              if(P32 == 0)
 180   1              {
 181   2                      Delay10ms();
 182   2                      if(P32 == 0)
 183   2                      {
 184   3                              while(P32 == 0)
 185   3                              {
 186   4                                      smgshow();
 187   4                              }
 188   3                              s5_flag = !s5_flag;
 189   3                              para1 = set1;       //退出参数设置界面参数才有效
 190   3                              para3 = set3;
 191   3                      }
 192   2              }
 193   1              if(P31 == 0)
 194   1              {
 195   2                      Delay10ms();
 196   2                      if(P31 == 0)
 197   2                      {
 198   3                              while(P31 == 0)
 199   3                              {
 200   4                                      smgshow();
 201   4                              }
 202   3                              if(s5_flag == 1)     //在参数界面有效
 203   3                              {
 204   4                                      if((s4_flag == 0) && (set1 < 490)) //通道1
 205   4                                              set1 += 20;
 206   4                                      else if((s4_flag == 1) && (set3 < 500))
 207   4                                              set3 += 20;
 208   4                              }
 209   3                      }
 210   2              }
 211   1              if(P30 == 0)
 212   1              {
 213   2                      Delay10ms();
 214   2                      if(P30 == 0)
 215   2                      {
 216   3                              while(P30 == 0)
 217   3                              {
 218   4                                      smgshow();
 219   4                              }
 220   3                              if(s5_flag == 1)     //在参数界面有效
 221   3                              {
 222   4                                      if((s4_flag == 0) && (set1 > 10)) //通道1
 223   4                                              set1 -= 20;
 224   4                                      else if((s4_flag == 1) && (set3 > 0))
 225   4                                              set3 -= 20;
 226   4                              }
 227   3                      }
 228   2              }
 229   1      }
 230          
 231          void led_work()
 232          {
 233   1              hc138_select(4);
 234   1              if(adc_ain1 > para1)
 235   1              {
 236   2                      P00 = 0;
 237   2              }
 238   1              else
 239   1              {
 240   2                      P00 = 1;
C51 COMPILER V9.54   MAIN                                                                  03/30/2022 16:34:35 PAGE 5   

 241   2              }
 242   1              if(adc_ain3 > para3)
 243   1              {
 244   2                      P01 = 0;
 245   2              }
 246   1              else
 247   1              {
 248   2                      P01 = 1;
 249   2              }
 250   1              if(s4_flag == 0)
 251   1              {
 252   2                      P02 = 0;
 253   2              }
 254   1              else
 255   1              {
 256   2                      P02 = 1;
 257   2              }
 258   1                      
 259   1              if(s5_flag == 0)
 260   1              {
 261   2                      P03 = 0;
 262   2              }
 263   1              else
 264   1              {
 265   2                      P03 = 1;
 266   2              }
 267   1              if(adc_ain1 > adc_ain3)
 268   1              {
 269   2                      P04 = 0;
 270   2              }
 271   1              else
 272   1              {
 273   2                      P04 = 1;
 274   2              }
 275   1      }
 276          
 277          void main()
 278          {
 279   1              sys_init();
 280   1              Delay10ms();
 281   1              while(1)
 282   1              {
 283   2                      pcf8591_adc(0x01);
 284   2                      pcf8591_adc(0x01);
 285   2                      pcf8591_adc(0x03);
 286   2                      pcf8591_adc(0x03);
 287   2                      key_scan();
 288   2                      smgshow();
 289   2                      led_work();
 290   2              }
 291   1      }
 292          


MODULE INFORMATION:   STATIC OVERLAYABLE
   CODE SIZE        =   1139    ----
   CONSTANT SIZE    =     43    ----
   XDATA SIZE       =   ----    ----
   PDATA SIZE       =   ----    ----
   DATA SIZE        =     18       5
   IDATA SIZE       =   ----    ----
   BIT SIZE         =   ----    ----
C51 COMPILER V9.54   MAIN                                                                  03/30/2022 16:34:35 PAGE 6   

END OF MODULE INFORMATION.


C51 COMPILATION COMPLETE.  0 WARNING(S),  0 ERROR(S)
