C51 COMPILER V9.54   MAIN                                                                  03/13/2022 09:39:56 PAGE 1   


C51 COMPILER V9.54, COMPILATION OF MODULE MAIN
OBJECT MODULE PLACED IN .\Objects\main.obj
COMPILER INVOKED BY: D:\Keil5\installed file\C51\BIN\C51.EXE main.c OPTIMIZE(8,SPEED) BROWSE DEBUG OBJECTEXTEND PRINT(.\
                    -Listings\main.lst) OBJECT(.\Objects\main.obj)

line level    source

   1          /*
   2           * @brief : 存储器扩展模式
   3           *
   4           * @date  : 2022/3/13
   5           *
   6           */
   7          
   8          
   9          #include <STC15F2K60S2.H>
  10          #include <absacc.h>
  11          
  12          void delay(void)
  13          {
  14   1              u16 t = 65500,tt = 65500;
  15   1              while(t--);
  16   1              while(tt--);
  17   1      }
  18          
  19          void led_running(void)
  20          {
  21   1              XBYTE[0x8000] = 0xf0;
  22   1              delay();
  23   1              delay();
  24   1              XBYTE[0x8000] = 0x0f;
  25   1              delay();
  26   1              delay();
  27   1              XBYTE[0x8000] = 0xff;
  28   1              delay();
  29   1              delay();
  30   1      }
  31          
  32          
  33          void smg_running(void)
  34          {
  35   1              u8 i;
  36   1              for(i = 0; i < 8; i++)
  37   1              {
  38   2                      XBYTE[0xc000] = (1 << i);     //位选
  39   2                      XBYTE[0xe000] = 0x00;
  40   2                      delay();
  41   2                      delay();
  42   2              }
  43   1              XBYTE[0xe000] = 0xff;
  44   1      }
  45          
  46          void main(void)
  47          {
  48   1              while(1)
  49   1              {
  50   2                      led_running();
  51   2                      smg_running();
  52   2              }
  53   1      }

C51 COMPILER V9.54   MAIN                                                                  03/13/2022 09:39:56 PAGE 2   


MODULE INFORMATION:   STATIC OVERLAYABLE
   CODE SIZE        =     98    ----
   CONSTANT SIZE    =   ----    ----
   XDATA SIZE       =   ----    ----
   PDATA SIZE       =   ----    ----
   DATA SIZE        =   ----    ----
   IDATA SIZE       =   ----    ----
   BIT SIZE         =   ----    ----
END OF MODULE INFORMATION.


C51 COMPILATION COMPLETE.  0 WARNING(S),  0 ERROR(S)
