C51 COMPILER V9.54   MAIN                                                                  03/10/2022 17:07:00 PAGE 1   


C51 COMPILER V9.54, COMPILATION OF MODULE MAIN
OBJECT MODULE PLACED IN .\Objects\main.obj
COMPILER INVOKED BY: D:\Keil5\installed file\C51\BIN\C51.EXE main.c OPTIMIZE(8,SPEED) BROWSE DEBUG OBJECTEXTEND PRINT(.\
                    -Listings\main.lst) OBJECT(.\Objects\main.obj)

line level    source

   1          /*
   2           * @brief : 独立按键，
   3           *                      按下S7进入S7状态，L1亮，S5,S4控制L3,L4,此时按S6没有反应（互锁），再次按下S7退出S7状态
   4           *                      按下S6进入S6状态，L2亮，S5,S4控制L5,L6,此时按S7没有反应（互锁），再次按下S6退出S6状态
   5           * @date  : 2022/3/10
   6           */
   7           
   8           
   9          #include <reg52.h>
  10          
  11           
  12          
  13           void delay(u16 t)
  14           {
  15   1               while(t--);
  16   1       }
  17          
  18           
  19          void Delay10ms()                //@11.0592MHz
  20          {
  21   1              unsigned char i, j;
  22   1      
  23   1              i = 108;
  24   1              j = 145;
  25   1              do
  26   1              {
  27   2                      while (--j);
  28   2              } while (--i);
  29   1      }
  30          
  31           
  32           void hc138_select(u8 n)
  33           {
  34   1               switch(n)
  35   1               {
  36   2                       case 4:
  37   2                               P2 = ((P2 & 0x1f) | 0x80); break;     //Y4输出低电平
  38   2                       case 5:
  39   2                               P2 = ((P2 & 0x1f) | 0xa0); break;     //Y5输出低电平
  40   2                       case 6:
  41   2                               P2 = ((P2 & 0x1f) | 0xc0); break;     //Y6输出低电平
  42   2                       case 7:
  43   2                               P2 = ((P2 & 0x1f) | 0xe0); break;     //Y7输出低电平
  44   2               }
  45   1       }
  46           
  47           void system_init(void)    //初始化，关闭蜂鸣器，继电器等
  48           {
  49   1               hc138_select(5);
  50   1               P0 = 0;
  51   1               hc138_select(4);
  52   1               P0 = 0xff;
  53   1       }
  54           
C51 COMPILER V9.54   MAIN                                                                  03/10/2022 17:07:00 PAGE 2   

  55           
  56           void key_scan(void)
  57           {
  58   1               static u8 s7_state = 0;
  59   1               static u8 s6_state = 0;
  60   1               
  61   1               if((P30 == 0) && (s6_state == 0))          //S7按下且不在S6状态,类似互锁
  62   1               {
  63   2                       Delay10ms();
  64   2                       if(P30 == 0)
  65   2                       {
  66   3                               while(!P30);   //松手检测
  67   3                               
  68   3                               s7_state++;
  69   3                               P00 = 0;       //点亮L1
  70   3                               
  71   3                               if(s7_state > 1)
  72   3                               {
  73   4                                       s7_state = 0;
  74   4                                       P00 = 1;
  75   4                               }
  76   3                       }
  77   2               }
  78   1               
  79   1               if(s7_state)           //S7状态下
  80   1               {
  81   2                       if(P32 == 0)    //S5按下
  82   2                       {
  83   3                                Delay10ms();
  84   3                                if(P32 == 0)
  85   3                                {
  86   4                                        while(P32 == 0)
  87   4                                                P02 = 0;     //点亮L3(点动)
  88   4                                        P02 = 1;
  89   4                                }
  90   3                       }
  91   2                       if(P33 == 0)    //S4按下
  92   2                       {
  93   3                                Delay10ms();
  94   3                                if(P33 == 0)
  95   3                                {
  96   4                                        while(P33 == 0)
  97   4                                                P03 = 0;     //点亮L4(点动)
  98   4                                        P03 = 1;
  99   4                                }
 100   3                       }
 101   2              }
 102   1               
 103   1               if((P31 == 0) && (s7_state == 0))          //S6按下且不在S7状态,类似互锁
 104   1               {
 105   2                       Delay10ms();
 106   2                       if(P31 == 0)
 107   2                       {
 108   3                               while(!P31);   //松手检测
 109   3                               
 110   3                               s6_state++;
 111   3                               P01 = 0;       //点亮L2
 112   3                               
 113   3                               if(s6_state > 1)
 114   3                               {
 115   4                                       s6_state = 0;
 116   4                                       P01 = 1;
C51 COMPILER V9.54   MAIN                                                                  03/10/2022 17:07:00 PAGE 3   

 117   4                               }
 118   3                       }
 119   2               }
 120   1               
 121   1               if(s6_state)         //S6状态下
 122   1               {
 123   2                       if(P32 == 0)    //S5按下
 124   2                       {
 125   3                                Delay10ms();
 126   3                                if(P32 == 0)
 127   3                                {
 128   4                                        while(P32 == 0)
 129   4                                                P04 = 0;     //点亮L5(点动)
 130   4                                        P04 = 1;
 131   4                                        
 132   4                                }
 133   3                       }
 134   2                       if(P33 == 0)    //S4按下
 135   2                       {
 136   3                                Delay10ms();
 137   3                                if(P33 == 0)
 138   3                                {
 139   4                                        while(P33 == 0)
 140   4                                                P05 = 0;     //点亮L6(点动)
 141   4                                        P05 = 1;
 142   4                                }
 143   3                       }
 144   2               }
 145   1       }
 146           
 147           void main()
 148           {
 149   1               system_init();
 150   1               
 151   1               while(1)
 152   1               {
 153   2                       key_scan();
 154   2                       delay(10);
 155   2               }
 156   1       }
 157           
 158           
 159           


MODULE INFORMATION:   STATIC OVERLAYABLE
   CODE SIZE        =    247    ----
   CONSTANT SIZE    =   ----    ----
   XDATA SIZE       =   ----    ----
   PDATA SIZE       =   ----    ----
   DATA SIZE        =      2    ----
   IDATA SIZE       =   ----    ----
   BIT SIZE         =   ----    ----
END OF MODULE INFORMATION.


C51 COMPILATION COMPLETE.  0 WARNING(S),  0 ERROR(S)
