C51 COMPILER V9.54   IIC                                                                   03/16/2022 14:20:29 PAGE 1   


C51 COMPILER V9.54, COMPILATION OF MODULE IIC
OBJECT MODULE PLACED IN .\Objects\iic.obj
COMPILER INVOKED BY: D:\Keil5\installed file\C51\BIN\C51.EXE iic.c OPTIMIZE(8,SPEED) BROWSE DEBUG OBJECTEXTEND PRINT(.\L
                    -istings\iic.lst) OBJECT(.\Objects\iic.obj)

line level    source

   1          /*
   2            程序说明: IIC总线驱动程序
   3            软件环境: Keil uVision 4.10 
   4            硬件环境: CT107单片机综合实训平台 8051，12MHz
   5            日    期: 2011-8-9
   6          */
   7          
   8          #include <STC15F2K60S2.H>
   9          #include "intrins.h"
  10          #include "iic.h"
  11          
  12          
  13          #define DELAY_TIME 10    //已修改过
  14          
  15          #define SlaveAddrW 0xA0
  16          #define SlaveAddrR 0xA1
  17          
  18          //总线引脚定义
  19          sbit SDA = P2^1;  /* 数据线 */
  20          sbit SCL = P2^0;  /* 时钟线 */
  21          
  22          void IIC_Delay(unsigned char i)
  23          {
  24   1          do{_nop_();}            //nop是一个机器周期
  25   1          while(i--);        
  26   1      }
  27          //总线启动条件
  28          void IIC_Start(void)
  29          {
  30   1          SDA = 1;
  31   1          SCL = 1;
  32   1          IIC_Delay(DELAY_TIME);
  33   1          SDA = 0;
  34   1          IIC_Delay(DELAY_TIME);
  35   1          SCL = 0;    
  36   1      }
  37          
  38          //总线停止条件
  39          void IIC_Stop(void)
  40          {
  41   1          SDA = 0;
  42   1          SCL = 1;
  43   1          IIC_Delay(DELAY_TIME);
  44   1          SDA = 1;
  45   1          IIC_Delay(DELAY_TIME);
  46   1      }
  47          
  48          //发送应答
  49          void IIC_SendAck(bit ackbit)
  50          {
  51   1          SCL = 0;
  52   1          SDA = ackbit;                                       // 0：应答，1：非应答
  53   1          IIC_Delay(DELAY_TIME);
  54   1          SCL = 1;
C51 COMPILER V9.54   IIC                                                                   03/16/2022 14:20:29 PAGE 2   

  55   1          IIC_Delay(DELAY_TIME);
  56   1          SCL = 0; 
  57   1          SDA = 1;
  58   1          IIC_Delay(DELAY_TIME);
  59   1      }
  60          
  61          //等待应答
  62          bit IIC_WaitAck(void)
  63          {
  64   1          bit ackbit;
  65   1              
  66   1          SCL  = 1;
  67   1          IIC_Delay(DELAY_TIME);
  68   1          ackbit = SDA;
  69   1          SCL = 0;
  70   1          IIC_Delay(DELAY_TIME);
  71   1          return ackbit;
  72   1      }
  73          
  74          //通过I2C总线发送数据
  75          void IIC_SendByte(unsigned char byt)
  76          {
  77   1          unsigned char i;
  78   1      
  79   1          for(i=0; i<8; i++)
  80   1          {
  81   2              SCL  = 0;
  82   2              IIC_Delay(DELAY_TIME);
  83   2              if(byt & 0x80) SDA  = 1;
  84   2              else SDA  = 0;
  85   2              IIC_Delay(DELAY_TIME);
  86   2              SCL = 1;
  87   2              byt <<= 1;
  88   2              IIC_Delay(DELAY_TIME);
  89   2          }
  90   1          SCL  = 0;  
  91   1      }
  92          
  93          //从I2C总线上接收数据
  94          unsigned char IIC_RecByte(void)
  95          {
  96   1          unsigned char i, da;
  97   1          for(i=0; i<8; i++)
  98   1          {   
  99   2              SCL = 1;
 100   2              IIC_Delay(DELAY_TIME);
 101   2              da <<= 1;
 102   2              if(SDA) da |= 1;
 103   2              SCL = 0;
 104   2              IIC_Delay(DELAY_TIME);
 105   2          }
 106   1          return da;    
 107   1      }


MODULE INFORMATION:   STATIC OVERLAYABLE
   CODE SIZE        =    152    ----
   CONSTANT SIZE    =   ----    ----
   XDATA SIZE       =   ----    ----
   PDATA SIZE       =   ----    ----
   DATA SIZE        =   ----    ----
   IDATA SIZE       =   ----    ----
C51 COMPILER V9.54   IIC                                                                   03/16/2022 14:20:29 PAGE 3   

   BIT SIZE         =   ----       2
END OF MODULE INFORMATION.


C51 COMPILATION COMPLETE.  0 WARNING(S),  0 ERROR(S)
