C51 COMPILER V9.54   MAIN                                                                  03/16/2022 14:20:29 PAGE 1   


C51 COMPILER V9.54, COMPILATION OF MODULE MAIN
OBJECT MODULE PLACED IN .\Objects\main.obj
COMPILER INVOKED BY: D:\Keil5\installed file\C51\BIN\C51.EXE main.c OPTIMIZE(8,SPEED) BROWSE DEBUG OBJECTEXTEND PRINT(.\
                    -Listings\main.lst) OBJECT(.\Objects\main.obj)

line level    source

   1          /*
   2           * @brief : pcf8591 ADC转换，将转换完成的数字量显示在数码管上
   3           *
   4           * @date  : 2022/3/14
   5           *
   6           */
   7          
   8          
   9          #include <STC15F2K60S2.H>
  10          #include <absacc.h>
  11          #include "iic.h"
  12          
  13          float dat = 0;
  14          
  15          u8 code smg_display[]={           //标准字库
  16          //   0    1    2    3    4    5    6    7    8    9    A    B    C    D    E    F
  17              0x3F,0x06,0x5B,0x4F,0x66,0x6D,0x7D,0x07,0x7F,0x6F,0x77,0x7C,0x39,0x5E,0x79,0x71,
  18          //black  -     H    J    K    L    N    o   P    U     t    G    Q    r   M    y
  19              0x00,0x40,0x76,0x1E,0x70,0x38,0x37,0x5C,0x73,0x3E,0x78,0x3d,0x67,0x50,0x37,0x6e,
  20              0xBF,0x86,0xDB,0xCF,0xE6,0xED,0xFD,0x87,0xFF,0xEF,0x46};    //0. 1. 2. 3. 4. 5. 6. 7. 8. 9. -1
  21          
  22          void pcf8591_getdat(addr)   //此参数见数据手册P6
  23          {       
  24   1              IIC_Start();
  25   1              IIC_SendByte(0x90);    //pcf8591的地址，最后一位高读低写
  26   1              IIC_WaitAck();
  27   1              IIC_SendByte(addr);
  28   1              IIC_WaitAck();
  29   1              IIC_Stop();
  30   1              
  31   1              IIC_Start();
  32   1              IIC_SendByte(0x91);
  33   1              IIC_WaitAck();
  34   1              dat = IIC_RecByte();
  35   1              IIC_SendAck(0);
  36   1              IIC_Stop();
  37   1              
  38   1              dat = (dat * 500) / 255;   //转换成电压值
  39   1      
  40   1      }
  41          
  42          void smg_delay(void)
  43          {
  44   1              u8 i = 100;
  45   1              while(i--);
  46   1      }
  47          
  48          void smgshow_bit(u8 pos, u8 dat)
  49          {
  50   1              XBYTE[0xc000] = 1 << pos;
  51   1              XBYTE[0xe000] = dat;
  52   1              smg_delay();
  53   1              XBYTE[0xe000] = 0xff;
  54   1      }
C51 COMPILER V9.54   MAIN                                                                  03/16/2022 14:20:29 PAGE 2   

  55          
  56          void smgshow_pcf(void)
  57          {
  58   1              smgshow_bit(5, ~smg_display[(int)dat / 100]);
  59   1              smgshow_bit(6, ~smg_display[(int)dat / 10 % 10]);
  60   1              smgshow_bit(7, ~smg_display[(int)dat % 10]);
  61   1      }
  62          
  63          void main()
  64          {
  65   1              while(1)
  66   1              {
  67   2                      pcf8591_getdat(0x43);
  68   2      //              pcf8591_getdat(0x41);     选择AIN1
  69   2                      smgshow_pcf();
  70   2              }
  71   1      }
  72          


MODULE INFORMATION:   STATIC OVERLAYABLE
   CODE SIZE        =    265    ----
   CONSTANT SIZE    =     43    ----
   XDATA SIZE       =   ----    ----
   PDATA SIZE       =   ----    ----
   DATA SIZE        =      4       2
   IDATA SIZE       =   ----    ----
   BIT SIZE         =   ----    ----
END OF MODULE INFORMATION.


C51 COMPILATION COMPLETE.  0 WARNING(S),  0 ERROR(S)
