C51 COMPILER V9.54   MAIN                                                                  06/14/2022 15:15:14 PAGE 1   


C51 COMPILER V9.54, COMPILATION OF MODULE MAIN
OBJECT MODULE PLACED IN .\Objects\main.obj
COMPILER INVOKED BY: D:\Keil5\installed file\C51\BIN\C51.EXE main.c OPTIMIZE(8,SPEED) BROWSE DEBUG OBJECTEXTEND PRINT(.\
                    -Listings\main.lst) OBJECT(.\Objects\main.obj)

line level    source

   1          /*
   2           * 2022/6/14
   3           */
   4          
   5          #include <STC15F2K60S2.H>
   6          #include "iic.h"
   7          
   8          typedef unsigned char u8;
   9          typedef unsigned int u16;
  10          
  11          sbit TX = P1^0;
  12          sbit RX = P1^1;
  13          
  14          u8 dist[10] = {0};
  15          u8 dist_i = 0;
  16          bit s4_flag = 1;
  17          bit s4_mode = 0;
  18          u8 s5_flag = 0;
  19          u8 show_back = 0;
  20          bit s6_flag = 0;
  21          u8 set_dist = 20;
  22          u8 realset_dist = 20;
  23          bit measure_flag = 0;
  24          u8 t0_cnt = 0;
  25          
  26          u8 code t_display[]={                       //标准字库
  27          //   0    1    2    3    4    5    6    7    8    9    A    B    C    D    E    F
  28              0x3F,0x06,0x5B,0x4F,0x66,0x6D,0x7D,0x07,0x7F,0x6F,0x77,0x7C,0x39,0x5E,0x79,0x71,
  29          //black  -     H    J    K    L    N    o   P    U     t    G    Q    r   M    y
  30              0x00,0x40,0x76,0x1E,0x70,0x38,0x37,0x5C,0x73,0x3E,0x78,0x3d,0x67,0x50,0x37,0x6e,
  31              0xBF,0x86,0xDB,0xCF,0xE6,0xED,0xFD,0x87,0xFF,0xEF,0x46};    //0. 1. 2. 3. 4. 5. 6. 7. 8. 9. -1
  32          
  33          void wr_dat();
  34          void wr_eeprom(u8 addr, u8 dat);
  35          void Delay5ms();
  36                  
  37          void hc138_select(u8 n)
  38          {
  39   1              switch(n){
  40   2                      case 4:
  41   2                              P2 = P2 & 0x1f | 0x80;  break;
  42   2                      case 5:
  43   2                              P2 = P2 & 0x1f | 0xa0;  break;
  44   2                      case 6:
  45   2                              P2 = P2 & 0x1f | 0xc0;  break;
  46   2                      case 7:
  47   2                              P2 = P2 & 0x1f | 0xe0;  break;
  48   2              }
  49   1      }
  50          
  51          void smg_delay()
  52          {
  53   1              u8 t = 100;
  54   1              while(t--);
C51 COMPILER V9.54   MAIN                                                                  06/14/2022 15:15:14 PAGE 2   

  55   1      }
  56          void smgshow_bit(u8 pos, u8 dat)
  57          {
  58   1              hc138_select(6);
  59   1              P0 = 1 << pos;
  60   1              hc138_select(7);
  61   1              P0 = dat;
  62   1              smg_delay();
  63   1              P0 = 0xff;
  64   1      }
  65          
  66          void Delay12us()                //@11.0592MHz
  67          {
  68   1              unsigned char i;
  69   1      
  70   1              _nop_();
  71   1              _nop_();
  72   1              _nop_();
  73   1              i = 30;
  74   1              while (--i);
  75   1      }
  76          void send_wave()
  77          {
  78   1              u8 i;
  79   1              for(i = 0; i < 8; i++){
  80   2                      TX = 1;
  81   2                      Delay12us();
  82   2                      TX = 0;
  83   2                      Delay12us();
  84   2              }
  85   1      }
  86          void measure_dist()
  87          {
  88   1              u16 t;
  89   1              send_wave();
  90   1              TMOD = TMOD & 0x0f;
  91   1              TH1 = 0;
  92   1              TL1 = 0;
  93   1              TR1 = 1;
  94   1              while((RX == 1) && (TF1 == 0));
  95   1              TR1 = 0;
  96   1              if(TF1 == 0){
  97   2                      t = TH1;
  98   2                      t = (t << 8) | TL1;
  99   2                      dist[dist_i] = t * 0.017;
 100   2              }else{
 101   2                      TF1 = 0;
 102   2                      dist[dist_i] = 255;
 103   2              }
 104   1              wr_eeprom(dist_i + 2, dist[dist_i]);
 105   1              Delay5ms();
 106   1              measure_flag = 1;
 107   1              dist_i++;
 108   1              if(dist_i > 9){
 109   2                      dist_i = 0;
 110   2              }
 111   1      }
 112          //void wr_dat()
 113          //{
 114          //      u8 i;
 115          //      wr_eeprom(1, realset_dist);
 116          //      Delay5ms();
C51 COMPILER V9.54   MAIN                                                                  06/14/2022 15:15:14 PAGE 3   

 117          //      for(i = 0; i < 10; i++){
 118          //              wr_eeprom(i+2, dist[i]);
 119          //              Delay5ms();
 120          //      }
 121          //}
 122          
 123          void smgshow_dist()
 124          {
 125   1              u8 show_seq;
 126   1              u8 add;
 127   1              if(s4_mode == 0){        //无操作
 128   2                      smgshow_bit(0, ~t_display[0]);
 129   2                      /* 本次 */
 130   2                      if(dist_i == 0)
 131   2                              show_seq = 9;
 132   2                      else
 133   2                              show_seq = dist_i - 1;
 134   2                      smgshow_bit(5, ~t_display[dist[show_seq] / 100]);
 135   2                      smgshow_bit(6, ~t_display[dist[show_seq] / 10 % 10]);
 136   2                      smgshow_bit(7, ~t_display[dist[show_seq] % 10]);
 137   2                      /* 上一次 */
 138   2                      if(show_seq == 0)
 139   2                              show_seq = 9;
 140   2                      else
 141   2                              show_seq -= 1;
 142   2                      
 143   2                      if(dist[show_seq] > 99)
 144   2                              smgshow_bit(2, ~t_display[dist[show_seq] / 100]);
 145   2                      if(dist[show_seq] > 9)
 146   2                              smgshow_bit(3, ~t_display[dist[show_seq] / 10 % 10]);
 147   2                      smgshow_bit(4, ~t_display[dist[show_seq] % 10]);
 148   2              }
 149   1              else{                        //和
 150   2                      smgshow_bit(0, ~t_display[1]);
 151   2                      /* 本次 */
 152   2                      if(dist_i == 0)
 153   2                              show_seq = 9;
 154   2                      else
 155   2                              show_seq = dist_i - 1;
 156   2                      smgshow_bit(5, ~t_display[dist[show_seq] / 100]);
 157   2                      smgshow_bit(6, ~t_display[dist[show_seq] / 10 % 10]);
 158   2                      smgshow_bit(7, ~t_display[dist[show_seq] % 10]);
 159   2                      add = dist[show_seq];
 160   2                      /* 和 */
 161   2                      if(show_seq == 0)
 162   2                              show_seq = 9;
 163   2                      else
 164   2                              show_seq -= 1;
 165   2                      add += dist[show_seq];
 166   2                      
 167   2                      if(add > 99)
 168   2                              smgshow_bit(2, ~t_display[add / 100]);
 169   2                      if(add > 9)
 170   2                              smgshow_bit(3, ~t_display[add / 10 % 10]);
 171   2                      smgshow_bit(4, ~t_display[add % 10]);
 172   2              }
 173   1      }
 174          void smgshow_back()
 175          {
 176   1              smgshow_bit(0, ~t_display[(show_back + 1) / 10]);
 177   1              smgshow_bit(1, ~t_display[(show_back + 1) % 10]);
 178   1              smgshow_bit(5, ~t_display[dist[show_back] / 100]);
C51 COMPILER V9.54   MAIN                                                                  06/14/2022 15:15:14 PAGE 4   

 179   1              smgshow_bit(6, ~t_display[dist[show_back] / 10 % 10]);
 180   1              smgshow_bit(7, ~t_display[dist[show_back] % 10]);
 181   1      }
 182          void smgshow_setpara()
 183          {
 184   1              smgshow_bit(0, ~t_display[15]);
 185   1              smgshow_bit(6, ~t_display[set_dist / 10]);
 186   1              smgshow_bit(7, ~t_display[set_dist % 10]);
 187   1      }
 188          
 189          void smgshow()
 190          {
 191   1              if((s5_flag == 0) && (s6_flag == 0))
 192   1                      smgshow_dist();
 193   1              else if((s5_flag == 1) && (s6_flag == 0))
 194   1                      smgshow_back();
 195   1              else if(s6_flag)
 196   1                      smgshow_setpara();
 197   1      }
 198          
 199          void pcf8591_dac(u8 dat)
 200          {
 201   1              IIC_Start();
 202   1              IIC_SendByte(0x90);
 203   1              IIC_WaitAck();
 204   1              IIC_SendByte(0x40);
 205   1              IIC_WaitAck();
 206   1              IIC_SendByte(dat);
 207   1              IIC_WaitAck();
 208   1              IIC_Stop();
 209   1      }
 210          void dac_out()
 211          {
 212   1              u8 dist_seq;
 213   1              u8 volt;
 214   1              if(dist_i == 0)
 215   1                      dist_seq = 9;
 216   1              else
 217   1                      dist_seq = dist_i - 1;
 218   1              if(dist[dist_seq] <= realset_dist)
 219   1                      pcf8591_dac(0);
 220   1              else{
 221   2                      volt = (dist[dist_seq] - realset_dist) * 0.02;
 222   2                      if(volt > 5)
 223   2                              volt = 5;
 224   2                      pcf8591_dac((dist[dist_seq] - realset_dist) * 1.02);
 225   2              }
 226   1      }
 227          void Delay5ms()         //@11.0592MHz
 228          {
 229   1              unsigned char i, j;
 230   1      
 231   1              i = 54;
 232   1              j = 199;
 233   1              do
 234   1              {
 235   2                      while (--j);
 236   2              } while (--i);
 237   1      }
 238          void wr_eeprom(u8 addr, u8 dat)
 239          {
 240   1              IIC_Start();
C51 COMPILER V9.54   MAIN                                                                  06/14/2022 15:15:14 PAGE 5   

 241   1              IIC_SendByte(0xa0);
 242   1              IIC_WaitAck();
 243   1              IIC_SendByte(addr);
 244   1              IIC_WaitAck();
 245   1              IIC_SendByte(dat);
 246   1              IIC_WaitAck();
 247   1              IIC_Stop();
 248   1      }
 249          u8 rd_eeprom(u8 addr)
 250          {
 251   1              u8 dat;
 252   1              IIC_Start();
 253   1              IIC_SendByte(0xa0);
 254   1              IIC_WaitAck();
 255   1              IIC_SendByte(addr);
 256   1              IIC_WaitAck();
 257   1              
 258   1              IIC_Start();
 259   1              IIC_SendByte(0xa1);
 260   1              IIC_WaitAck();
 261   1              dat = IIC_RecByte();
 262   1              IIC_SendAck(1);
 263   1              IIC_Stop();
 264   1              return dat;
 265   1      }
 266          
 267          void tim0_init()
 268          {
 269   1              TMOD = TMOD & 0xf0 | 0x01;
 270   1              TH0 = (65536 - 50000) / 256;
 271   1              TL0 = (65536 - 50000) % 256;
 272   1              ET0 = 1;
 273   1              TR0 = 0;
 274   1              EA = 1;
 275   1      }
 276          bit L1_flag = 0;
 277          void tim0() interrupt 1
 278          {
 279   1              static u8 j = 0;
 280   1              TH0 = (65536 - 50000) / 256;
 281   1              TL0 = (65536 - 50000) % 256;
 282   1              t0_cnt++;
 283   1              if(t0_cnt == 4){
 284   2                      j++;
 285   2                      if(j == 20){
 286   3                              j = 0;
 287   3                              measure_flag = 0;
 288   3                              TR0 = 0;
 289   3                      }
 290   2                      t0_cnt = 0;
 291   2                      L1_flag = !L1_flag;
 292   2              }
 293   1      }
 294          void led_work()
 295          {
 296   1              if(measure_flag){
 297   2                      TR0 = 1;
 298   2                      if(L1_flag){
 299   3                              hc138_select(4);
 300   3                              P00 = 0;
 301   3                      }
 302   2                      else{
C51 COMPILER V9.54   MAIN                                                                  06/14/2022 15:15:14 PAGE 6   

 303   3                              hc138_select(4);
 304   3                              P00 = 1;
 305   3                      }
 306   2              }
 307   1              if(s6_flag){
 308   2                      hc138_select(4);
 309   2                      P06 = 0;
 310   2              }else{
 311   2                      hc138_select(4);
 312   2                      P06 = 1;
 313   2              }
 314   1              if((s6_flag == 0) && s5_flag){
 315   2                      hc138_select(4);
 316   2                      P07 = 0;
 317   2              }else{
 318   2                      hc138_select(4);
 319   2                      P07 = 1;
 320   2              }
 321   1      }
 322          
 323          void Delay10ms()                //@11.0592MHz
 324          {
 325   1              unsigned char i, j;
 326   1      
 327   1              i = 108;
 328   1              j = 145;
 329   1              do
 330   1              {
 331   2                      while (--j);
 332   2              } while (--i);
 333   1      }
 334          void key_scan()
 335          {
 336   1              if(P33 == 0){             //S4
 337   2                      Delay10ms();
 338   2                      if(P33 == 0){
 339   3                              while(P33 == 0){
 340   4                                      smgshow();
 341   4                              }
 342   3                              measure_dist();
 343   3                      }
 344   2              }
 345   1              if(P32 == 0){             //S5
 346   2                      Delay10ms();
 347   2                      if(P32 == 0){
 348   3                              while(P32 == 0){
 349   4                                      smgshow();
 350   4                              }
 351   3                              s5_flag = !s5_flag;
 352   3                      }
 353   2              }
 354   1              if(P31 == 0){             //S6
 355   2                      Delay10ms();
 356   2                      if(P31 == 0){
 357   3                              while(P31 == 0){
 358   4                                      smgshow();
 359   4                              }
 360   3                              s6_flag = !s6_flag;
 361   3                              if(s6_flag == 0){             //退出参数界面参数生效
 362   4                                      realset_dist = set_dist;
 363   4                              }
 364   3                      }
C51 COMPILER V9.54   MAIN                                                                  06/14/2022 15:15:14 PAGE 7   

 365   2              }
 366   1              if(P30 == 0){             //S7
 367   2                      Delay10ms();
 368   2                      if(P30 == 0){
 369   3                              while(P30 == 0){
 370   4                                      smgshow();
 371   4                              }
 372   3                              if(s6_flag == 0){
 373   4                                      if(s5_flag == 0)              //测距界面
 374   4                                              s4_mode = !s4_mode;
 375   4                                      if(s5_flag){                  //回显界面
 376   5                                              show_back++;
 377   5                                              if(show_back > 9)
 378   5                                                      show_back = 0;
 379   5                                      }
 380   4                              }
 381   3                              else{                  //参数界面
 382   4                                      set_dist += 10;
 383   4                                      if(set_dist > 90)
 384   4                                              set_dist = 0;
 385   4                                      wr_eeprom(1, set_dist);
 386   4                                      Delay5ms();
 387   4                              }
 388   3                      }
 389   2              }
 390   1      }
 391          
 392          void sys_init()
 393          {
 394   1              u8 i;
 395   1              hc138_select(4);
 396   1              P0 = 0xff;
 397   1              hc138_select(5);
 398   1              P0 = 0x00;
 399   1              
 400   1              realset_dist = rd_eeprom(1);          //设定参数
 401   1              set_dist = realset_dist;
 402   1              for(i = 0; i < 8; i++){
 403   2                      dist[i] = rd_eeprom(i + 2);
 404   2              }
 405   1      }
 406          void main()
 407          {
 408   1              sys_init();
 409   1              tim0_init();
 410   1              while(1)
 411   1              {
 412   2                      key_scan();
 413   2                      led_work();
 414   2                      dac_out();
 415   2                      smgshow();
 416   2              }
 417   1      }


MODULE INFORMATION:   STATIC OVERLAYABLE
   CODE SIZE        =   1287    ----
   CONSTANT SIZE    =     43    ----
   XDATA SIZE       =   ----    ----
   PDATA SIZE       =   ----    ----
   DATA SIZE        =     17       7
   IDATA SIZE       =   ----    ----
C51 COMPILER V9.54   MAIN                                                                  06/14/2022 15:15:14 PAGE 8   

   BIT SIZE         =      5    ----
END OF MODULE INFORMATION.


C51 COMPILATION COMPLETE.  0 WARNING(S),  0 ERROR(S)
