C51 COMPILER V9.54   MAIN                                                                  03/11/2022 13:31:53 PAGE 1   


C51 COMPILER V9.54, COMPILATION OF MODULE MAIN
OBJECT MODULE PLACED IN .\Objects\main.obj
COMPILER INVOKED BY: D:\Keil5\installed file\C51\BIN\C51.EXE main.c OPTIMIZE(8,SPEED) BROWSE DEBUG OBJECTEXTEND PRINT(.\
                    -Listings\main.lst) OBJECT(.\Objects\main.obj)

line level    source

   1          /*
   2           * @brief : 矩阵键盘，按下按键在数码管显示相应数字
   3           *
   4           * @date  : 2022/3/11
   5           */
   6          
   7          #include <STC15F2K60S2.H>
   8          
   9          u8 keyval = 0;
  10          
  11          u8 code seg7_tab[]={0xc0,0xf9,0xa4,0xb0,0x99,0x92,
  12                              0x82,0xf8,0x80,0x90,0x88,0x80,
  13                              0xc6,0xc0,0x86,0x8e,0xbf,0x7f};            //共阳极最后两位是 - .
  14          
  15          void hc138_select(u8 n)
  16          {
  17   1              switch(n)
  18   1              {
  19   2                      case 4:
  20   2                              P2 = ((P2 & 0x1f) | 0x80);  break;
  21   2                      case 5:
  22   2                              P2 = ((P2 & 0x1f) | 0xa0);  break;
  23   2                      case 6:
  24   2                              P2 = ((P2 & 0x1f) | 0xc0);  break;
  25   2                      case 7:
  26   2                              P2 = ((P2 & 0x1f) | 0xe0);  break;
  27   2              }
  28   1      }
  29          
  30          void Delay10ms()                //@11.0592MHz
  31          {
  32   1              unsigned char i, j;
  33   1      
  34   1              i = 108;
  35   1              j = 145;
  36   1              do
  37   1              {
  38   2                      while (--j);
  39   2              } while (--i);
  40   1      }
  41          
  42          
  43          void delay(u16 t)
  44          {
  45   1              while(t--);
  46   1      }
  47          
  48          #if 0
              void smgdelay(void)
              {
                      u8 tt = 100;
                      while(tt--);
              }
              #endif
C51 COMPILER V9.54   MAIN                                                                  03/11/2022 13:31:53 PAGE 2   

  55          
  56          void showsmg_bit(u8 pos, u8 dat)
  57          {
  58   1              hc138_select(6);
  59   1              P0 = 1 << pos;
  60   1              hc138_select(7);
  61   1              P0 = seg7_tab[dat];
  62   1      //      smgdelay();
  63   1      //      
  64   1      //      P0 = 0xff;    //消影
  65   1      }
  66          
  67          void key_scan(void)
  68          {
  69   1              P30 = 0; P31 = 1; P32 = 1; P33 = 1;
  70   1              P42 = 1; P44 = 1; P34 = 1; P35 = 1;
  71   1              if(P44 == 0)
  72   1              {
  73   2                      Delay10ms();
  74   2                      if(P44 == 0)
  75   2                      {
  76   3                              while(P44 == 0);   //松手检测
  77   3                              keyval = 0;
  78   3                              showsmg_bit(0, keyval);
  79   3                      }
  80   2              }
  81   1              if(P42 == 0)
  82   1              {
  83   2                      Delay10ms();
  84   2                      if(P42 == 0)
  85   2                      {
  86   3                              while(P42 == 0);   //松手检测
  87   3                              keyval = 1;
  88   3                              showsmg_bit(0, keyval);
  89   3                      }
  90   2              }
  91   1              if(P35 == 0)
  92   1              {
  93   2                      Delay10ms();
  94   2                      if(P35 == 0)
  95   2                      {
  96   3                              while(P35 == 0);   //松手检测
  97   3                              keyval = 2;
  98   3                              showsmg_bit(0, keyval);
  99   3                      }
 100   2              }
 101   1              if(P34 == 0)
 102   1              {
 103   2                      Delay10ms();
 104   2                      if(P34 == 0)
 105   2                      {
 106   3                              while(P34 == 0);   //松手检测
 107   3                              keyval = 3;
 108   3                              showsmg_bit(0, keyval);
 109   3                      }
 110   2              }
 111   1              
 112   1              
 113   1              P30 = 1; P31 = 0; P32 = 1; P33 = 1;
 114   1              P42 = 1; P44 = 1; P34 = 1; P35 = 1;
 115   1              if(P44 == 0)
 116   1              {
C51 COMPILER V9.54   MAIN                                                                  03/11/2022 13:31:53 PAGE 3   

 117   2                      Delay10ms();
 118   2                      if(P44 == 0)
 119   2                      {
 120   3                              while(P44 == 0);   //松手检测
 121   3                              keyval = 4;
 122   3                              showsmg_bit(0, keyval);
 123   3                      }
 124   2              }
 125   1              if(P42 == 0)
 126   1              {
 127   2                      Delay10ms();
 128   2                      if(P42 == 0)
 129   2                      {
 130   3                              while(P42 == 0);   //松手检测
 131   3                              keyval = 5;
 132   3                              showsmg_bit(0, keyval);
 133   3                      }
 134   2              }
 135   1              if(P35 == 0)
 136   1              {
 137   2                      Delay10ms();
 138   2                      if(P35 == 0)
 139   2                      {
 140   3                              while(P35 == 0);   //松手检测
 141   3                              keyval = 6;
 142   3                              showsmg_bit(0, keyval);
 143   3                      }
 144   2              }
 145   1              if(P34 == 0)
 146   1              {
 147   2                      Delay10ms();
 148   2                      if(P34 == 0)
 149   2                      {
 150   3                              while(P34 == 0);   //松手检测
 151   3                              keyval = 7;
 152   3                              showsmg_bit(0, keyval);
 153   3                      }
 154   2              }
 155   1              
 156   1              P30 = 1; P31 = 1; P32 = 0; P33 = 1;
 157   1              P42 = 1; P44 = 1; P34 = 1; P35 = 1;
 158   1              if(P44 == 0)
 159   1              {
 160   2                      Delay10ms();
 161   2                      if(P44 == 0)
 162   2                      {
 163   3                              while(P44 == 0);   //松手检测
 164   3                              keyval = 8;
 165   3                              showsmg_bit(0, keyval);
 166   3                      }
 167   2              }
 168   1              if(P42 == 0)
 169   1              {
 170   2                      Delay10ms();
 171   2                      if(P42 == 0)
 172   2                      {
 173   3                              while(P42 == 0);   //松手检测
 174   3                              keyval = 9;
 175   3                              showsmg_bit(0, keyval);
 176   3                      }
 177   2              }
 178   1              if(P35 == 0)
C51 COMPILER V9.54   MAIN                                                                  03/11/2022 13:31:53 PAGE 4   

 179   1              {
 180   2                      Delay10ms();
 181   2                      if(P35 == 0)
 182   2                      {
 183   3                              while(P35 == 0);   //松手检测
 184   3                              keyval = 10;
 185   3                              showsmg_bit(0, keyval);
 186   3                      }
 187   2              }
 188   1              if(P34 == 0)
 189   1              {
 190   2                      Delay10ms();
 191   2                      if(P34 == 0)
 192   2                      {
 193   3                              while(P34 == 0);   //松手检测
 194   3                              keyval = 11;
 195   3                              showsmg_bit(0, keyval);
 196   3                      }
 197   2              }
 198   1              
 199   1              P30 = 1; P31 = 1; P32 = 1; P33 = 0;
 200   1              P42 = 1; P44 = 1; P34 = 1; P35 = 1;
 201   1              if(P44 == 0)
 202   1              {
 203   2                      Delay10ms();
 204   2                      if(P44 == 0)
 205   2                      {
 206   3                              while(P44 == 0);   //松手检测
 207   3                              keyval = 12;
 208   3                              showsmg_bit(0, keyval);
 209   3                      }
 210   2              }
 211   1              if(P42 == 0)
 212   1              {
 213   2                      Delay10ms();
 214   2                      if(P42 == 0)
 215   2                      {
 216   3                              while(P42 == 0);   //松手检测
 217   3                              keyval = 13;
 218   3                              showsmg_bit(0, keyval);
 219   3                      }
 220   2              }
 221   1              if(P35 == 0)
 222   1              {
 223   2                      Delay10ms();
 224   2                      if(P35 == 0)
 225   2                      {
 226   3                              while(P35 == 0);   //松手检测
 227   3                              keyval = 14;
 228   3                              showsmg_bit(0, keyval);
 229   3                      }
 230   2              }
 231   1              if(P34 == 0)
 232   1              {
 233   2                      Delay10ms();
 234   2                      if(P34 == 0)
 235   2                      {
 236   3                              while(P34 == 0);   //松手检测
 237   3                              keyval = 15;
 238   3                              showsmg_bit(0, keyval);
 239   3                      }
 240   2              }
C51 COMPILER V9.54   MAIN                                                                  03/11/2022 13:31:53 PAGE 5   

 241   1      }
 242          
 243          void main()
 244          {
 245   1              while(1)
 246   1              {
 247   2                      key_scan();
 248   2                      delay(10);
 249   2              }
 250   1      }
 251          


MODULE INFORMATION:   STATIC OVERLAYABLE
   CODE SIZE        =    478    ----
   CONSTANT SIZE    =     18    ----
   XDATA SIZE       =   ----    ----
   PDATA SIZE       =   ----    ----
   DATA SIZE        =      1    ----
   IDATA SIZE       =   ----    ----
   BIT SIZE         =   ----    ----
END OF MODULE INFORMATION.


C51 COMPILATION COMPLETE.  0 WARNING(S),  0 ERROR(S)
