C51 COMPILER V9.54   IIC                                                                   03/26/2022 19:22:49 PAGE 1   


C51 COMPILER V9.54, COMPILATION OF MODULE IIC
OBJECT MODULE PLACED IN .\Objects\iic.obj
COMPILER INVOKED BY: D:\Keil5\installed file\C51\BIN\C51.EXE iic.c OPTIMIZE(8,SPEED) BROWSE DEBUG OBJECTEXTEND PRINT(.\L
                    -istings\iic.lst) OBJECT(.\Objects\iic.obj)

line level    source

   1          /*
   2            程序说明: IIC总线驱动程序
   3            软件环境: Keil uVision 4.10 
   4            硬件环境: CT107单片机综合实训平台 8051，12MHz
   5            日    期: 2011-8-9
   6          */
   7          
   8          #include <STC15F2K60S2.H>
   9          #include "intrins.h"
  10          
  11          #define DELAY_TIME 5
  12          
  13          #define SlaveAddrW 0xA0
  14          #define SlaveAddrR 0xA1
  15          
  16          //总线引脚定义
  17          sbit SDA = P2^1;  /* 数据线 */
  18          sbit SCL = P2^0;  /* 时钟线 */
  19          
  20          void IIC_Delay(unsigned char i)
  21          {
  22   1          do{_nop_();}
  23   1          while(i--);        
  24   1      }
  25          //总线启动条件
  26          void IIC_Start(void)
  27          {
  28   1          SDA = 1;
  29   1          SCL = 1;
  30   1          IIC_Delay(DELAY_TIME);
  31   1          SDA = 0;
  32   1          IIC_Delay(DELAY_TIME);
  33   1          SCL = 0;    
  34   1      }
  35          
  36          //总线停止条件
  37          void IIC_Stop(void)
  38          {
  39   1          SDA = 0;
  40   1          SCL = 1;
  41   1          IIC_Delay(DELAY_TIME);
  42   1          SDA = 1;
  43   1          IIC_Delay(DELAY_TIME);
  44   1      }
  45          
  46          //发送应答
  47          void IIC_SendAck(bit ackbit)
  48          {
  49   1          SCL = 0;
  50   1          SDA = ackbit;                                       // 0：应答，1：非应答
  51   1          IIC_Delay(DELAY_TIME);
  52   1          SCL = 1;
  53   1          IIC_Delay(DELAY_TIME);
  54   1          SCL = 0; 
C51 COMPILER V9.54   IIC                                                                   03/26/2022 19:22:49 PAGE 2   

  55   1          SDA = 1;
  56   1          IIC_Delay(DELAY_TIME);
  57   1      }
  58          
  59          //等待应答
  60          bit IIC_WaitAck(void)
  61          {
  62   1          bit ackbit;
  63   1              
  64   1          SCL  = 1;
  65   1          IIC_Delay(DELAY_TIME);
  66   1          ackbit = SDA;
  67   1          SCL = 0;
  68   1          IIC_Delay(DELAY_TIME);
  69   1          return ackbit;
  70   1      }
  71          
  72          //通过I2C总线发送数据
  73          void IIC_SendByte(unsigned char byt)
  74          {
  75   1          unsigned char i;
  76   1      
  77   1              EA = 0;
  78   1          for(i=0; i<8; i++)
  79   1          {
  80   2              SCL  = 0;
  81   2              IIC_Delay(DELAY_TIME);
  82   2              if(byt & 0x80) SDA  = 1;
  83   2              else SDA  = 0;
  84   2              IIC_Delay(DELAY_TIME);
  85   2              SCL = 1;
  86   2              byt <<= 1;
  87   2              IIC_Delay(DELAY_TIME);
  88   2          }
  89   1              EA = 1;
  90   1          SCL  = 0;  
  91   1      }
  92          
  93          //从I2C总线上接收数据
  94          unsigned char IIC_RecByte(void)
  95          {
  96   1          unsigned char i, da;
  97   1              EA = 0;
  98   1          for(i=0; i<8; i++)
  99   1          {   
 100   2              SCL = 1;
 101   2              IIC_Delay(DELAY_TIME);
 102   2              da <<= 1;
 103   2              if(SDA) da |= 1;
 104   2              SCL = 0;
 105   2              IIC_Delay(DELAY_TIME);
 106   2          }
 107   1              EA = 1;
 108   1          return da;    
 109   1      }


MODULE INFORMATION:   STATIC OVERLAYABLE
   CODE SIZE        =    160    ----
   CONSTANT SIZE    =   ----    ----
   XDATA SIZE       =   ----    ----
   PDATA SIZE       =   ----    ----
C51 COMPILER V9.54   IIC                                                                   03/26/2022 19:22:49 PAGE 3   

   DATA SIZE        =   ----    ----
   IDATA SIZE       =   ----    ----
   BIT SIZE         =   ----       2
END OF MODULE INFORMATION.


C51 COMPILATION COMPLETE.  0 WARNING(S),  0 ERROR(S)
